   0  $accept : Program $end

   1  Program : ClassList

   2  ClassList : ClassList ClassDef
   3            | ClassDef

   4  VariableDef : Variable ';'

   5  Variable : Type IDENTIFIER

   6  Type : INT
   7       | VOID
   8       | BOOL
   9       | COMPLEX
  10       | STRING
  11       | CLASS IDENTIFIER
  12       | Type '[' ']'

  13  ClassDef : CLASS IDENTIFIER ExtendsClause '{' FieldList '}'

  14  ExtendsClause : EXTENDS IDENTIFIER
  15                |

  16  FieldList : FieldList VariableDef
  17            | FieldList FunctionDef
  18            |

  19  Formals : VariableList
  20          |

  21  VariableList : VariableList ',' Variable
  22               | Variable

  23  FunctionDef : STATIC Type IDENTIFIER '(' Formals ')' StmtBlock
  24              | Type IDENTIFIER '(' Formals ')' StmtBlock

  25  StmtBlock : '{' StmtList '}'

  26  StmtList : StmtList Stmt
  27           |

  28  Stmt : VariableDef
  29       | SimpleStmt ';'
  30       | IfStmt
  31       | WhileStmt
  32       | ForStmt
  33       | ReturnStmt ';'
  34       | PrintStmt ';'
  35       | PrintCompStmt ';'
  36       | BreakStmt ';'
  37       | StmtBlock
  38       | DoStmt ';'

  39  SimpleStmt : LValue '=' Expr
  40             | Call
  41             |

  42  Receiver : Expr '.'
  43           |

  44  LValue : Receiver IDENTIFIER
  45         | Expr '[' Expr ']'

  46  Call : Receiver IDENTIFIER '(' Actuals ')'

  47  Expr : LValue
  48       | DCOPY '(' Expr ')'
  49       | SCOPY '(' Expr ')'
  50       | Call
  51       | Constant
  52       | CASE '(' Expr ')' '{' ACaseExorList DefaultExpr '}'
  53       | Expr '+' Expr
  54       | Expr '-' Expr
  55       | Expr '*' Expr
  56       | Expr '/' Expr
  57       | Expr '%' Expr
  58       | Expr EQUAL Expr
  59       | Expr NOT_EQUAL Expr
  60       | Expr '<' Expr
  61       | Expr '>' Expr
  62       | Expr LESS_EQUAL Expr
  63       | Expr GREATER_EQUAL Expr
  64       | Expr AND Expr
  65       | Expr OR Expr
  66       | '(' Expr ')'
  67       | '-' Expr
  68       | '!' Expr
  69       | '@' Expr
  70       | '$' Expr
  71       | '#' Expr
  72       | READ_INTEGER '(' ')'
  73       | READ_LINE '(' ')'
  74       | THIS
  75       | SUPER
  76       | NEW IDENTIFIER '(' ')'
  77       | NEW Type '[' Expr ']'
  78       | INSTANCEOF '(' Expr ',' IDENTIFIER ')'
  79       | '(' CLASS IDENTIFIER ')' Expr

  80  Constant : LITERAL
  81           | NULL

  82  ACaseExor : Constant ':' Expr ';'

  83  DefaultExpr : DEFAULT ':' Expr ';'

  84  ACaseExorList : ACaseExorList ACaseExor
  85                |

  86  Actuals : ExprList
  87          |

  88  ExprList : ExprList ',' Expr
  89           | Expr

  90  WhileStmt : WHILE '(' Expr ')' Stmt

  91  ForStmt : FOR '(' SimpleStmt ';' Expr ';' SimpleStmt ')' Stmt

  92  BreakStmt : BREAK

  93  IfStmt : IF '(' Expr ')' Stmt ElseClause

  94  ElseClause : ELSE Stmt
  95             |

  96  ReturnStmt : RETURN Expr
  97             | RETURN

  98  PrintStmt : PRINT '(' ExprList ')'

  99  PrintCompStmt : PRINTCOMP '(' ExprList ')'

 100  DoSubStmt : Expr ':' Stmt

 101  DoBranch : DoBranch DoSubStmt SPLIT
 102           |

 103  DoStmt : DO DoBranch DoSubStmt OD

state 0
	$accept : . Program $end  (0)

	CLASS  shift 1
	.  error

	Program  goto 2
	ClassList  goto 3
	ClassDef  goto 4


state 1
	ClassDef : CLASS . IDENTIFIER ExtendsClause '{' FieldList '}'  (13)

	IDENTIFIER  shift 5
	.  error


state 2
	$accept : Program . $end  (0)

	$end  accept


state 3
	Program : ClassList .  (1)
	ClassList : ClassList . ClassDef  (2)

	CLASS  shift 1
	$end  reduce 1

	ClassDef  goto 6


state 4
	ClassList : ClassDef .  (3)

	.  reduce 3


state 5
	ClassDef : CLASS IDENTIFIER . ExtendsClause '{' FieldList '}'  (13)
	ExtendsClause : .  (15)

	EXTENDS  shift 7
	'{'  reduce 15

	ExtendsClause  goto 8


state 6
	ClassList : ClassList ClassDef .  (2)

	.  reduce 2


state 7
	ExtendsClause : EXTENDS . IDENTIFIER  (14)

	IDENTIFIER  shift 9
	.  error


state 8
	ClassDef : CLASS IDENTIFIER ExtendsClause . '{' FieldList '}'  (13)

	'{'  shift 10
	.  error


state 9
	ExtendsClause : EXTENDS IDENTIFIER .  (14)

	.  reduce 14


state 10
	ClassDef : CLASS IDENTIFIER ExtendsClause '{' . FieldList '}'  (13)
	FieldList : .  (18)

	.  reduce 18

	FieldList  goto 11


state 11
	ClassDef : CLASS IDENTIFIER ExtendsClause '{' FieldList . '}'  (13)
	FieldList : FieldList . VariableDef  (16)
	FieldList : FieldList . FunctionDef  (17)

	VOID  shift 12
	BOOL  shift 13
	INT  shift 14
	COMPLEX  shift 15
	STRING  shift 16
	CLASS  shift 17
	STATIC  shift 18
	'}'  shift 19
	.  error

	VariableDef  goto 20
	Variable  goto 21
	Type  goto 22
	FunctionDef  goto 23


state 12
	Type : VOID .  (7)

	.  reduce 7


state 13
	Type : BOOL .  (8)

	.  reduce 8


state 14
	Type : INT .  (6)

	.  reduce 6


state 15
	Type : COMPLEX .  (9)

	.  reduce 9


state 16
	Type : STRING .  (10)

	.  reduce 10


state 17
	Type : CLASS . IDENTIFIER  (11)

	IDENTIFIER  shift 24
	.  error


state 18
	FunctionDef : STATIC . Type IDENTIFIER '(' Formals ')' StmtBlock  (23)

	VOID  shift 12
	BOOL  shift 13
	INT  shift 14
	COMPLEX  shift 15
	STRING  shift 16
	CLASS  shift 17
	.  error

	Type  goto 25


state 19
	ClassDef : CLASS IDENTIFIER ExtendsClause '{' FieldList '}' .  (13)

	.  reduce 13


state 20
	FieldList : FieldList VariableDef .  (16)

	.  reduce 16


state 21
	VariableDef : Variable . ';'  (4)

	';'  shift 26
	.  error


state 22
	Variable : Type . IDENTIFIER  (5)
	Type : Type . '[' ']'  (12)
	FunctionDef : Type . IDENTIFIER '(' Formals ')' StmtBlock  (24)

	IDENTIFIER  shift 27
	'['  shift 28
	.  error


state 23
	FieldList : FieldList FunctionDef .  (17)

	.  reduce 17


state 24
	Type : CLASS IDENTIFIER .  (11)

	.  reduce 11


state 25
	Type : Type . '[' ']'  (12)
	FunctionDef : STATIC Type . IDENTIFIER '(' Formals ')' StmtBlock  (23)

	IDENTIFIER  shift 29
	'['  shift 28
	.  error


state 26
	VariableDef : Variable ';' .  (4)

	.  reduce 4


state 27
	Variable : Type IDENTIFIER .  (5)
	FunctionDef : Type IDENTIFIER . '(' Formals ')' StmtBlock  (24)

	'('  shift 30
	';'  reduce 5


state 28
	Type : Type '[' . ']'  (12)

	']'  shift 31
	.  error


state 29
	FunctionDef : STATIC Type IDENTIFIER . '(' Formals ')' StmtBlock  (23)

	'('  shift 32
	.  error


state 30
	FunctionDef : Type IDENTIFIER '(' . Formals ')' StmtBlock  (24)
	Formals : .  (20)

	VOID  shift 12
	BOOL  shift 13
	INT  shift 14
	COMPLEX  shift 15
	STRING  shift 16
	CLASS  shift 17
	')'  reduce 20

	Variable  goto 33
	Type  goto 34
	Formals  goto 35
	VariableList  goto 36


state 31
	Type : Type '[' ']' .  (12)

	.  reduce 12


state 32
	FunctionDef : STATIC Type IDENTIFIER '(' . Formals ')' StmtBlock  (23)
	Formals : .  (20)

	VOID  shift 12
	BOOL  shift 13
	INT  shift 14
	COMPLEX  shift 15
	STRING  shift 16
	CLASS  shift 17
	')'  reduce 20

	Variable  goto 33
	Type  goto 34
	Formals  goto 37
	VariableList  goto 36


state 33
	VariableList : Variable .  (22)

	.  reduce 22


state 34
	Variable : Type . IDENTIFIER  (5)
	Type : Type . '[' ']'  (12)

	IDENTIFIER  shift 38
	'['  shift 28
	.  error


state 35
	FunctionDef : Type IDENTIFIER '(' Formals . ')' StmtBlock  (24)

	')'  shift 39
	.  error


state 36
	Formals : VariableList .  (19)
	VariableList : VariableList . ',' Variable  (21)

	','  shift 40
	')'  reduce 19


state 37
	FunctionDef : STATIC Type IDENTIFIER '(' Formals . ')' StmtBlock  (23)

	')'  shift 41
	.  error


state 38
	Variable : Type IDENTIFIER .  (5)

	.  reduce 5


state 39
	FunctionDef : Type IDENTIFIER '(' Formals ')' . StmtBlock  (24)

	'{'  shift 42
	.  error

	StmtBlock  goto 43


state 40
	VariableList : VariableList ',' . Variable  (21)

	VOID  shift 12
	BOOL  shift 13
	INT  shift 14
	COMPLEX  shift 15
	STRING  shift 16
	CLASS  shift 17
	.  error

	Variable  goto 44
	Type  goto 34


state 41
	FunctionDef : STATIC Type IDENTIFIER '(' Formals ')' . StmtBlock  (23)

	'{'  shift 42
	.  error

	StmtBlock  goto 45


state 42
	StmtBlock : '{' . StmtList '}'  (25)
	StmtList : .  (27)

	.  reduce 27

	StmtList  goto 46


state 43
	FunctionDef : Type IDENTIFIER '(' Formals ')' StmtBlock .  (24)

	.  reduce 24


state 44
	VariableList : VariableList ',' Variable .  (21)

	.  reduce 21


state 45
	FunctionDef : STATIC Type IDENTIFIER '(' Formals ')' StmtBlock .  (23)

	.  reduce 23


state 46
	StmtBlock : '{' StmtList . '}'  (25)
	StmtList : StmtList . Stmt  (26)
	SimpleStmt : .  (41)
	Receiver : .  (43)

	VOID  shift 12
	BOOL  shift 13
	INT  shift 14
	COMPLEX  shift 15
	STRING  shift 16
	CLASS  shift 17
	NULL  shift 47
	THIS  shift 48
	WHILE  shift 49
	FOR  shift 50
	IF  shift 51
	RETURN  shift 52
	BREAK  shift 53
	NEW  shift 54
	PRINT  shift 55
	PRINTCOMP  shift 56
	READ_INTEGER  shift 57
	READ_LINE  shift 58
	CASE  shift 59
	SUPER  shift 60
	LITERAL  shift 61
	DO  shift 62
	DCOPY  shift 63
	SCOPY  shift 64
	INSTANCEOF  shift 65
	'-'  shift 66
	'$'  shift 67
	'@'  shift 68
	'#'  shift 69
	'!'  shift 70
	'('  shift 71
	'{'  shift 42
	'}'  shift 72
	IDENTIFIER  reduce 43
	';'  reduce 41

	VariableDef  goto 73
	Variable  goto 21
	Type  goto 34
	StmtBlock  goto 74
	Stmt  goto 75
	SimpleStmt  goto 76
	IfStmt  goto 77
	WhileStmt  goto 78
	ForStmt  goto 79
	ReturnStmt  goto 80
	PrintStmt  goto 81
	PrintCompStmt  goto 82
	BreakStmt  goto 83
	DoStmt  goto 84
	LValue  goto 85
	Expr  goto 86
	Call  goto 87
	Receiver  goto 88
	Constant  goto 89


state 47
	Constant : NULL .  (81)

	.  reduce 81


state 48
	Expr : THIS .  (74)

	.  reduce 74


state 49
	WhileStmt : WHILE . '(' Expr ')' Stmt  (90)

	'('  shift 90
	.  error


state 50
	ForStmt : FOR . '(' SimpleStmt ';' Expr ';' SimpleStmt ')' Stmt  (91)

	'('  shift 91
	.  error


state 51
	IfStmt : IF . '(' Expr ')' Stmt ElseClause  (93)

	'('  shift 92
	.  error


state 52
	ReturnStmt : RETURN . Expr  (96)
	ReturnStmt : RETURN .  (97)
	Receiver : .  (43)

	NULL  shift 47
	THIS  shift 48
	NEW  shift 54
	READ_INTEGER  shift 57
	READ_LINE  shift 58
	CASE  shift 59
	SUPER  shift 60
	LITERAL  shift 61
	DCOPY  shift 63
	SCOPY  shift 64
	INSTANCEOF  shift 65
	'-'  shift 66
	'$'  shift 67
	'@'  shift 68
	'#'  shift 69
	'!'  shift 70
	'('  shift 71
	IDENTIFIER  reduce 43
	';'  reduce 97

	LValue  goto 93
	Expr  goto 94
	Call  goto 95
	Receiver  goto 88
	Constant  goto 89


state 53
	BreakStmt : BREAK .  (92)

	.  reduce 92


state 54
	Expr : NEW . IDENTIFIER '(' ')'  (76)
	Expr : NEW . Type '[' Expr ']'  (77)

	VOID  shift 12
	BOOL  shift 13
	INT  shift 14
	COMPLEX  shift 15
	STRING  shift 16
	CLASS  shift 17
	IDENTIFIER  shift 96
	.  error

	Type  goto 97


state 55
	PrintStmt : PRINT . '(' ExprList ')'  (98)

	'('  shift 98
	.  error


state 56
	PrintCompStmt : PRINTCOMP . '(' ExprList ')'  (99)

	'('  shift 99
	.  error


state 57
	Expr : READ_INTEGER . '(' ')'  (72)

	'('  shift 100
	.  error


state 58
	Expr : READ_LINE . '(' ')'  (73)

	'('  shift 101
	.  error


state 59
	Expr : CASE . '(' Expr ')' '{' ACaseExorList DefaultExpr '}'  (52)

	'('  shift 102
	.  error


state 60
	Expr : SUPER .  (75)

	.  reduce 75


state 61
	Constant : LITERAL .  (80)

	.  reduce 80


state 62
	DoStmt : DO . DoBranch DoSubStmt OD  (103)
	DoBranch : .  (102)

	.  reduce 102

	DoBranch  goto 103


state 63
	Expr : DCOPY . '(' Expr ')'  (48)

	'('  shift 104
	.  error


state 64
	Expr : SCOPY . '(' Expr ')'  (49)

	'('  shift 105
	.  error


state 65
	Expr : INSTANCEOF . '(' Expr ',' IDENTIFIER ')'  (78)

	'('  shift 106
	.  error


state 66
	Expr : '-' . Expr  (67)
	Receiver : .  (43)

	NULL  shift 47
	THIS  shift 48
	NEW  shift 54
	READ_INTEGER  shift 57
	READ_LINE  shift 58
	CASE  shift 59
	SUPER  shift 60
	LITERAL  shift 61
	DCOPY  shift 63
	SCOPY  shift 64
	INSTANCEOF  shift 65
	'-'  shift 66
	'$'  shift 67
	'@'  shift 68
	'#'  shift 69
	'!'  shift 70
	'('  shift 71
	IDENTIFIER  reduce 43

	LValue  goto 93
	Expr  goto 107
	Call  goto 95
	Receiver  goto 88
	Constant  goto 89


state 67
	Expr : '$' . Expr  (70)
	Receiver : .  (43)

	NULL  shift 47
	THIS  shift 48
	NEW  shift 54
	READ_INTEGER  shift 57
	READ_LINE  shift 58
	CASE  shift 59
	SUPER  shift 60
	LITERAL  shift 61
	DCOPY  shift 63
	SCOPY  shift 64
	INSTANCEOF  shift 65
	'-'  shift 66
	'$'  shift 67
	'@'  shift 68
	'#'  shift 69
	'!'  shift 70
	'('  shift 71
	IDENTIFIER  reduce 43

	LValue  goto 93
	Expr  goto 108
	Call  goto 95
	Receiver  goto 88
	Constant  goto 89


state 68
	Expr : '@' . Expr  (69)
	Receiver : .  (43)

	NULL  shift 47
	THIS  shift 48
	NEW  shift 54
	READ_INTEGER  shift 57
	READ_LINE  shift 58
	CASE  shift 59
	SUPER  shift 60
	LITERAL  shift 61
	DCOPY  shift 63
	SCOPY  shift 64
	INSTANCEOF  shift 65
	'-'  shift 66
	'$'  shift 67
	'@'  shift 68
	'#'  shift 69
	'!'  shift 70
	'('  shift 71
	IDENTIFIER  reduce 43

	LValue  goto 93
	Expr  goto 109
	Call  goto 95
	Receiver  goto 88
	Constant  goto 89


state 69
	Expr : '#' . Expr  (71)
	Receiver : .  (43)

	NULL  shift 47
	THIS  shift 48
	NEW  shift 54
	READ_INTEGER  shift 57
	READ_LINE  shift 58
	CASE  shift 59
	SUPER  shift 60
	LITERAL  shift 61
	DCOPY  shift 63
	SCOPY  shift 64
	INSTANCEOF  shift 65
	'-'  shift 66
	'$'  shift 67
	'@'  shift 68
	'#'  shift 69
	'!'  shift 70
	'('  shift 71
	IDENTIFIER  reduce 43

	LValue  goto 93
	Expr  goto 110
	Call  goto 95
	Receiver  goto 88
	Constant  goto 89


state 70
	Expr : '!' . Expr  (68)
	Receiver : .  (43)

	NULL  shift 47
	THIS  shift 48
	NEW  shift 54
	READ_INTEGER  shift 57
	READ_LINE  shift 58
	CASE  shift 59
	SUPER  shift 60
	LITERAL  shift 61
	DCOPY  shift 63
	SCOPY  shift 64
	INSTANCEOF  shift 65
	'-'  shift 66
	'$'  shift 67
	'@'  shift 68
	'#'  shift 69
	'!'  shift 70
	'('  shift 71
	IDENTIFIER  reduce 43

	LValue  goto 93
	Expr  goto 111
	Call  goto 95
	Receiver  goto 88
	Constant  goto 89


state 71
	Expr : '(' . Expr ')'  (66)
	Expr : '(' . CLASS IDENTIFIER ')' Expr  (79)
	Receiver : .  (43)

	CLASS  shift 112
	NULL  shift 47
	THIS  shift 48
	NEW  shift 54
	READ_INTEGER  shift 57
	READ_LINE  shift 58
	CASE  shift 59
	SUPER  shift 60
	LITERAL  shift 61
	DCOPY  shift 63
	SCOPY  shift 64
	INSTANCEOF  shift 65
	'-'  shift 66
	'$'  shift 67
	'@'  shift 68
	'#'  shift 69
	'!'  shift 70
	'('  shift 71
	IDENTIFIER  reduce 43

	LValue  goto 93
	Expr  goto 113
	Call  goto 95
	Receiver  goto 88
	Constant  goto 89


state 72
	StmtBlock : '{' StmtList '}' .  (25)

	.  reduce 25


state 73
	Stmt : VariableDef .  (28)

	.  reduce 28


state 74
	Stmt : StmtBlock .  (37)

	.  reduce 37


state 75
	StmtList : StmtList Stmt .  (26)

	.  reduce 26


state 76
	Stmt : SimpleStmt . ';'  (29)

	';'  shift 114
	.  error


state 77
	Stmt : IfStmt .  (30)

	.  reduce 30


state 78
	Stmt : WhileStmt .  (31)

	.  reduce 31


state 79
	Stmt : ForStmt .  (32)

	.  reduce 32


state 80
	Stmt : ReturnStmt . ';'  (33)

	';'  shift 115
	.  error


state 81
	Stmt : PrintStmt . ';'  (34)

	';'  shift 116
	.  error


state 82
	Stmt : PrintCompStmt . ';'  (35)

	';'  shift 117
	.  error


state 83
	Stmt : BreakStmt . ';'  (36)

	';'  shift 118
	.  error


state 84
	Stmt : DoStmt . ';'  (38)

	';'  shift 119
	.  error


state 85
	SimpleStmt : LValue . '=' Expr  (39)
	Expr : LValue .  (47)

	'='  shift 120
	AND  reduce 47
	OR  reduce 47
	LESS_EQUAL  reduce 47
	GREATER_EQUAL  reduce 47
	EQUAL  reduce 47
	NOT_EQUAL  reduce 47
	'+'  reduce 47
	'-'  reduce 47
	'*'  reduce 47
	'/'  reduce 47
	'%'  reduce 47
	'>'  reduce 47
	'<'  reduce 47
	'.'  reduce 47
	'['  reduce 47


state 86
	Receiver : Expr . '.'  (42)
	LValue : Expr . '[' Expr ']'  (45)
	Expr : Expr . '+' Expr  (53)
	Expr : Expr . '-' Expr  (54)
	Expr : Expr . '*' Expr  (55)
	Expr : Expr . '/' Expr  (56)
	Expr : Expr . '%' Expr  (57)
	Expr : Expr . EQUAL Expr  (58)
	Expr : Expr . NOT_EQUAL Expr  (59)
	Expr : Expr . '<' Expr  (60)
	Expr : Expr . '>' Expr  (61)
	Expr : Expr . LESS_EQUAL Expr  (62)
	Expr : Expr . GREATER_EQUAL Expr  (63)
	Expr : Expr . AND Expr  (64)
	Expr : Expr . OR Expr  (65)

	AND  shift 121
	OR  shift 122
	LESS_EQUAL  shift 123
	GREATER_EQUAL  shift 124
	EQUAL  shift 125
	NOT_EQUAL  shift 126
	'+'  shift 127
	'-'  shift 128
	'*'  shift 129
	'/'  shift 130
	'%'  shift 131
	'>'  shift 132
	'<'  shift 133
	'.'  shift 134
	'['  shift 135
	.  error


state 87
	SimpleStmt : Call .  (40)
	Expr : Call .  (50)

	AND  reduce 50
	OR  reduce 50
	LESS_EQUAL  reduce 50
	GREATER_EQUAL  reduce 50
	EQUAL  reduce 50
	NOT_EQUAL  reduce 50
	'+'  reduce 50
	'-'  reduce 50
	'*'  reduce 50
	'/'  reduce 50
	'%'  reduce 50
	'>'  reduce 50
	'<'  reduce 50
	'.'  reduce 50
	';'  reduce 40
	')'  reduce 40
	'['  reduce 50


state 88
	LValue : Receiver . IDENTIFIER  (44)
	Call : Receiver . IDENTIFIER '(' Actuals ')'  (46)

	IDENTIFIER  shift 136
	.  error


state 89
	Expr : Constant .  (51)

	.  reduce 51


state 90
	WhileStmt : WHILE '(' . Expr ')' Stmt  (90)
	Receiver : .  (43)

	NULL  shift 47
	THIS  shift 48
	NEW  shift 54
	READ_INTEGER  shift 57
	READ_LINE  shift 58
	CASE  shift 59
	SUPER  shift 60
	LITERAL  shift 61
	DCOPY  shift 63
	SCOPY  shift 64
	INSTANCEOF  shift 65
	'-'  shift 66
	'$'  shift 67
	'@'  shift 68
	'#'  shift 69
	'!'  shift 70
	'('  shift 71
	IDENTIFIER  reduce 43

	LValue  goto 93
	Expr  goto 137
	Call  goto 95
	Receiver  goto 88
	Constant  goto 89


state 91
	ForStmt : FOR '(' . SimpleStmt ';' Expr ';' SimpleStmt ')' Stmt  (91)
	SimpleStmt : .  (41)
	Receiver : .  (43)

	NULL  shift 47
	THIS  shift 48
	NEW  shift 54
	READ_INTEGER  shift 57
	READ_LINE  shift 58
	CASE  shift 59
	SUPER  shift 60
	LITERAL  shift 61
	DCOPY  shift 63
	SCOPY  shift 64
	INSTANCEOF  shift 65
	'-'  shift 66
	'$'  shift 67
	'@'  shift 68
	'#'  shift 69
	'!'  shift 70
	'('  shift 71
	IDENTIFIER  reduce 43
	';'  reduce 41

	SimpleStmt  goto 138
	LValue  goto 85
	Expr  goto 86
	Call  goto 87
	Receiver  goto 88
	Constant  goto 89


state 92
	IfStmt : IF '(' . Expr ')' Stmt ElseClause  (93)
	Receiver : .  (43)

	NULL  shift 47
	THIS  shift 48
	NEW  shift 54
	READ_INTEGER  shift 57
	READ_LINE  shift 58
	CASE  shift 59
	SUPER  shift 60
	LITERAL  shift 61
	DCOPY  shift 63
	SCOPY  shift 64
	INSTANCEOF  shift 65
	'-'  shift 66
	'$'  shift 67
	'@'  shift 68
	'#'  shift 69
	'!'  shift 70
	'('  shift 71
	IDENTIFIER  reduce 43

	LValue  goto 93
	Expr  goto 139
	Call  goto 95
	Receiver  goto 88
	Constant  goto 89


state 93
	Expr : LValue .  (47)

	.  reduce 47


state 94
	Receiver : Expr . '.'  (42)
	LValue : Expr . '[' Expr ']'  (45)
	Expr : Expr . '+' Expr  (53)
	Expr : Expr . '-' Expr  (54)
	Expr : Expr . '*' Expr  (55)
	Expr : Expr . '/' Expr  (56)
	Expr : Expr . '%' Expr  (57)
	Expr : Expr . EQUAL Expr  (58)
	Expr : Expr . NOT_EQUAL Expr  (59)
	Expr : Expr . '<' Expr  (60)
	Expr : Expr . '>' Expr  (61)
	Expr : Expr . LESS_EQUAL Expr  (62)
	Expr : Expr . GREATER_EQUAL Expr  (63)
	Expr : Expr . AND Expr  (64)
	Expr : Expr . OR Expr  (65)
	ReturnStmt : RETURN Expr .  (96)

	AND  shift 121
	OR  shift 122
	LESS_EQUAL  shift 123
	GREATER_EQUAL  shift 124
	EQUAL  shift 125
	NOT_EQUAL  shift 126
	'+'  shift 127
	'-'  shift 128
	'*'  shift 129
	'/'  shift 130
	'%'  shift 131
	'>'  shift 132
	'<'  shift 133
	'.'  shift 134
	'['  shift 135
	';'  reduce 96


state 95
	Expr : Call .  (50)

	.  reduce 50


state 96
	Expr : NEW IDENTIFIER . '(' ')'  (76)

	'('  shift 140
	.  error


state 97
	Type : Type . '[' ']'  (12)
	Expr : NEW Type . '[' Expr ']'  (77)

	'['  shift 141
	.  error


state 98
	PrintStmt : PRINT '(' . ExprList ')'  (98)
	Receiver : .  (43)

	NULL  shift 47
	THIS  shift 48
	NEW  shift 54
	READ_INTEGER  shift 57
	READ_LINE  shift 58
	CASE  shift 59
	SUPER  shift 60
	LITERAL  shift 61
	DCOPY  shift 63
	SCOPY  shift 64
	INSTANCEOF  shift 65
	'-'  shift 66
	'$'  shift 67
	'@'  shift 68
	'#'  shift 69
	'!'  shift 70
	'('  shift 71
	IDENTIFIER  reduce 43

	LValue  goto 93
	Expr  goto 142
	Call  goto 95
	Receiver  goto 88
	Constant  goto 89
	ExprList  goto 143


state 99
	PrintCompStmt : PRINTCOMP '(' . ExprList ')'  (99)
	Receiver : .  (43)

	NULL  shift 47
	THIS  shift 48
	NEW  shift 54
	READ_INTEGER  shift 57
	READ_LINE  shift 58
	CASE  shift 59
	SUPER  shift 60
	LITERAL  shift 61
	DCOPY  shift 63
	SCOPY  shift 64
	INSTANCEOF  shift 65
	'-'  shift 66
	'$'  shift 67
	'@'  shift 68
	'#'  shift 69
	'!'  shift 70
	'('  shift 71
	IDENTIFIER  reduce 43

	LValue  goto 93
	Expr  goto 142
	Call  goto 95
	Receiver  goto 88
	Constant  goto 89
	ExprList  goto 144


state 100
	Expr : READ_INTEGER '(' . ')'  (72)

	')'  shift 145
	.  error


state 101
	Expr : READ_LINE '(' . ')'  (73)

	')'  shift 146
	.  error


state 102
	Expr : CASE '(' . Expr ')' '{' ACaseExorList DefaultExpr '}'  (52)
	Receiver : .  (43)

	NULL  shift 47
	THIS  shift 48
	NEW  shift 54
	READ_INTEGER  shift 57
	READ_LINE  shift 58
	CASE  shift 59
	SUPER  shift 60
	LITERAL  shift 61
	DCOPY  shift 63
	SCOPY  shift 64
	INSTANCEOF  shift 65
	'-'  shift 66
	'$'  shift 67
	'@'  shift 68
	'#'  shift 69
	'!'  shift 70
	'('  shift 71
	IDENTIFIER  reduce 43

	LValue  goto 93
	Expr  goto 147
	Call  goto 95
	Receiver  goto 88
	Constant  goto 89


state 103
	DoBranch : DoBranch . DoSubStmt SPLIT  (101)
	DoStmt : DO DoBranch . DoSubStmt OD  (103)
	Receiver : .  (43)

	NULL  shift 47
	THIS  shift 48
	NEW  shift 54
	READ_INTEGER  shift 57
	READ_LINE  shift 58
	CASE  shift 59
	SUPER  shift 60
	LITERAL  shift 61
	DCOPY  shift 63
	SCOPY  shift 64
	INSTANCEOF  shift 65
	'-'  shift 66
	'$'  shift 67
	'@'  shift 68
	'#'  shift 69
	'!'  shift 70
	'('  shift 71
	IDENTIFIER  reduce 43

	LValue  goto 93
	Expr  goto 148
	Call  goto 95
	Receiver  goto 88
	Constant  goto 89
	DoSubStmt  goto 149


state 104
	Expr : DCOPY '(' . Expr ')'  (48)
	Receiver : .  (43)

	NULL  shift 47
	THIS  shift 48
	NEW  shift 54
	READ_INTEGER  shift 57
	READ_LINE  shift 58
	CASE  shift 59
	SUPER  shift 60
	LITERAL  shift 61
	DCOPY  shift 63
	SCOPY  shift 64
	INSTANCEOF  shift 65
	'-'  shift 66
	'$'  shift 67
	'@'  shift 68
	'#'  shift 69
	'!'  shift 70
	'('  shift 71
	IDENTIFIER  reduce 43

	LValue  goto 93
	Expr  goto 150
	Call  goto 95
	Receiver  goto 88
	Constant  goto 89


state 105
	Expr : SCOPY '(' . Expr ')'  (49)
	Receiver : .  (43)

	NULL  shift 47
	THIS  shift 48
	NEW  shift 54
	READ_INTEGER  shift 57
	READ_LINE  shift 58
	CASE  shift 59
	SUPER  shift 60
	LITERAL  shift 61
	DCOPY  shift 63
	SCOPY  shift 64
	INSTANCEOF  shift 65
	'-'  shift 66
	'$'  shift 67
	'@'  shift 68
	'#'  shift 69
	'!'  shift 70
	'('  shift 71
	IDENTIFIER  reduce 43

	LValue  goto 93
	Expr  goto 151
	Call  goto 95
	Receiver  goto 88
	Constant  goto 89


state 106
	Expr : INSTANCEOF '(' . Expr ',' IDENTIFIER ')'  (78)
	Receiver : .  (43)

	NULL  shift 47
	THIS  shift 48
	NEW  shift 54
	READ_INTEGER  shift 57
	READ_LINE  shift 58
	CASE  shift 59
	SUPER  shift 60
	LITERAL  shift 61
	DCOPY  shift 63
	SCOPY  shift 64
	INSTANCEOF  shift 65
	'-'  shift 66
	'$'  shift 67
	'@'  shift 68
	'#'  shift 69
	'!'  shift 70
	'('  shift 71
	IDENTIFIER  reduce 43

	LValue  goto 93
	Expr  goto 152
	Call  goto 95
	Receiver  goto 88
	Constant  goto 89


state 107
	Receiver : Expr . '.'  (42)
	LValue : Expr . '[' Expr ']'  (45)
	Expr : Expr . '+' Expr  (53)
	Expr : Expr . '-' Expr  (54)
	Expr : Expr . '*' Expr  (55)
	Expr : Expr . '/' Expr  (56)
	Expr : Expr . '%' Expr  (57)
	Expr : Expr . EQUAL Expr  (58)
	Expr : Expr . NOT_EQUAL Expr  (59)
	Expr : Expr . '<' Expr  (60)
	Expr : Expr . '>' Expr  (61)
	Expr : Expr . LESS_EQUAL Expr  (62)
	Expr : Expr . GREATER_EQUAL Expr  (63)
	Expr : Expr . AND Expr  (64)
	Expr : Expr . OR Expr  (65)
	Expr : '-' Expr .  (67)

	'.'  shift 134
	'['  shift 135
	AND  reduce 67
	OR  reduce 67
	LESS_EQUAL  reduce 67
	GREATER_EQUAL  reduce 67
	EQUAL  reduce 67
	NOT_EQUAL  reduce 67
	'+'  reduce 67
	'-'  reduce 67
	'*'  reduce 67
	'/'  reduce 67
	'%'  reduce 67
	'>'  reduce 67
	'<'  reduce 67
	','  reduce 67
	';'  reduce 67
	':'  reduce 67
	')'  reduce 67
	']'  reduce 67


state 108
	Receiver : Expr . '.'  (42)
	LValue : Expr . '[' Expr ']'  (45)
	Expr : Expr . '+' Expr  (53)
	Expr : Expr . '-' Expr  (54)
	Expr : Expr . '*' Expr  (55)
	Expr : Expr . '/' Expr  (56)
	Expr : Expr . '%' Expr  (57)
	Expr : Expr . EQUAL Expr  (58)
	Expr : Expr . NOT_EQUAL Expr  (59)
	Expr : Expr . '<' Expr  (60)
	Expr : Expr . '>' Expr  (61)
	Expr : Expr . LESS_EQUAL Expr  (62)
	Expr : Expr . GREATER_EQUAL Expr  (63)
	Expr : Expr . AND Expr  (64)
	Expr : Expr . OR Expr  (65)
	Expr : '$' Expr .  (70)

	'.'  shift 134
	'['  shift 135
	AND  reduce 70
	OR  reduce 70
	LESS_EQUAL  reduce 70
	GREATER_EQUAL  reduce 70
	EQUAL  reduce 70
	NOT_EQUAL  reduce 70
	'+'  reduce 70
	'-'  reduce 70
	'*'  reduce 70
	'/'  reduce 70
	'%'  reduce 70
	'>'  reduce 70
	'<'  reduce 70
	','  reduce 70
	';'  reduce 70
	':'  reduce 70
	')'  reduce 70
	']'  reduce 70


state 109
	Receiver : Expr . '.'  (42)
	LValue : Expr . '[' Expr ']'  (45)
	Expr : Expr . '+' Expr  (53)
	Expr : Expr . '-' Expr  (54)
	Expr : Expr . '*' Expr  (55)
	Expr : Expr . '/' Expr  (56)
	Expr : Expr . '%' Expr  (57)
	Expr : Expr . EQUAL Expr  (58)
	Expr : Expr . NOT_EQUAL Expr  (59)
	Expr : Expr . '<' Expr  (60)
	Expr : Expr . '>' Expr  (61)
	Expr : Expr . LESS_EQUAL Expr  (62)
	Expr : Expr . GREATER_EQUAL Expr  (63)
	Expr : Expr . AND Expr  (64)
	Expr : Expr . OR Expr  (65)
	Expr : '@' Expr .  (69)

	'.'  shift 134
	'['  shift 135
	AND  reduce 69
	OR  reduce 69
	LESS_EQUAL  reduce 69
	GREATER_EQUAL  reduce 69
	EQUAL  reduce 69
	NOT_EQUAL  reduce 69
	'+'  reduce 69
	'-'  reduce 69
	'*'  reduce 69
	'/'  reduce 69
	'%'  reduce 69
	'>'  reduce 69
	'<'  reduce 69
	','  reduce 69
	';'  reduce 69
	':'  reduce 69
	')'  reduce 69
	']'  reduce 69


state 110
	Receiver : Expr . '.'  (42)
	LValue : Expr . '[' Expr ']'  (45)
	Expr : Expr . '+' Expr  (53)
	Expr : Expr . '-' Expr  (54)
	Expr : Expr . '*' Expr  (55)
	Expr : Expr . '/' Expr  (56)
	Expr : Expr . '%' Expr  (57)
	Expr : Expr . EQUAL Expr  (58)
	Expr : Expr . NOT_EQUAL Expr  (59)
	Expr : Expr . '<' Expr  (60)
	Expr : Expr . '>' Expr  (61)
	Expr : Expr . LESS_EQUAL Expr  (62)
	Expr : Expr . GREATER_EQUAL Expr  (63)
	Expr : Expr . AND Expr  (64)
	Expr : Expr . OR Expr  (65)
	Expr : '#' Expr .  (71)

	'.'  shift 134
	'['  shift 135
	AND  reduce 71
	OR  reduce 71
	LESS_EQUAL  reduce 71
	GREATER_EQUAL  reduce 71
	EQUAL  reduce 71
	NOT_EQUAL  reduce 71
	'+'  reduce 71
	'-'  reduce 71
	'*'  reduce 71
	'/'  reduce 71
	'%'  reduce 71
	'>'  reduce 71
	'<'  reduce 71
	','  reduce 71
	';'  reduce 71
	':'  reduce 71
	')'  reduce 71
	']'  reduce 71


state 111
	Receiver : Expr . '.'  (42)
	LValue : Expr . '[' Expr ']'  (45)
	Expr : Expr . '+' Expr  (53)
	Expr : Expr . '-' Expr  (54)
	Expr : Expr . '*' Expr  (55)
	Expr : Expr . '/' Expr  (56)
	Expr : Expr . '%' Expr  (57)
	Expr : Expr . EQUAL Expr  (58)
	Expr : Expr . NOT_EQUAL Expr  (59)
	Expr : Expr . '<' Expr  (60)
	Expr : Expr . '>' Expr  (61)
	Expr : Expr . LESS_EQUAL Expr  (62)
	Expr : Expr . GREATER_EQUAL Expr  (63)
	Expr : Expr . AND Expr  (64)
	Expr : Expr . OR Expr  (65)
	Expr : '!' Expr .  (68)

	'.'  shift 134
	'['  shift 135
	AND  reduce 68
	OR  reduce 68
	LESS_EQUAL  reduce 68
	GREATER_EQUAL  reduce 68
	EQUAL  reduce 68
	NOT_EQUAL  reduce 68
	'+'  reduce 68
	'-'  reduce 68
	'*'  reduce 68
	'/'  reduce 68
	'%'  reduce 68
	'>'  reduce 68
	'<'  reduce 68
	','  reduce 68
	';'  reduce 68
	':'  reduce 68
	')'  reduce 68
	']'  reduce 68


state 112
	Expr : '(' CLASS . IDENTIFIER ')' Expr  (79)

	IDENTIFIER  shift 153
	.  error


state 113
	Receiver : Expr . '.'  (42)
	LValue : Expr . '[' Expr ']'  (45)
	Expr : Expr . '+' Expr  (53)
	Expr : Expr . '-' Expr  (54)
	Expr : Expr . '*' Expr  (55)
	Expr : Expr . '/' Expr  (56)
	Expr : Expr . '%' Expr  (57)
	Expr : Expr . EQUAL Expr  (58)
	Expr : Expr . NOT_EQUAL Expr  (59)
	Expr : Expr . '<' Expr  (60)
	Expr : Expr . '>' Expr  (61)
	Expr : Expr . LESS_EQUAL Expr  (62)
	Expr : Expr . GREATER_EQUAL Expr  (63)
	Expr : Expr . AND Expr  (64)
	Expr : Expr . OR Expr  (65)
	Expr : '(' Expr . ')'  (66)

	AND  shift 121
	OR  shift 122
	LESS_EQUAL  shift 123
	GREATER_EQUAL  shift 124
	EQUAL  shift 125
	NOT_EQUAL  shift 126
	'+'  shift 127
	'-'  shift 128
	'*'  shift 129
	'/'  shift 130
	'%'  shift 131
	'>'  shift 132
	'<'  shift 133
	'.'  shift 134
	')'  shift 154
	'['  shift 135
	.  error


state 114
	Stmt : SimpleStmt ';' .  (29)

	.  reduce 29


state 115
	Stmt : ReturnStmt ';' .  (33)

	.  reduce 33


state 116
	Stmt : PrintStmt ';' .  (34)

	.  reduce 34


state 117
	Stmt : PrintCompStmt ';' .  (35)

	.  reduce 35


state 118
	Stmt : BreakStmt ';' .  (36)

	.  reduce 36


state 119
	Stmt : DoStmt ';' .  (38)

	.  reduce 38


state 120
	SimpleStmt : LValue '=' . Expr  (39)
	Receiver : .  (43)

	NULL  shift 47
	THIS  shift 48
	NEW  shift 54
	READ_INTEGER  shift 57
	READ_LINE  shift 58
	CASE  shift 59
	SUPER  shift 60
	LITERAL  shift 61
	DCOPY  shift 63
	SCOPY  shift 64
	INSTANCEOF  shift 65
	'-'  shift 66
	'$'  shift 67
	'@'  shift 68
	'#'  shift 69
	'!'  shift 70
	'('  shift 71
	IDENTIFIER  reduce 43

	LValue  goto 93
	Expr  goto 155
	Call  goto 95
	Receiver  goto 88
	Constant  goto 89


state 121
	Expr : Expr AND . Expr  (64)
	Receiver : .  (43)

	NULL  shift 47
	THIS  shift 48
	NEW  shift 54
	READ_INTEGER  shift 57
	READ_LINE  shift 58
	CASE  shift 59
	SUPER  shift 60
	LITERAL  shift 61
	DCOPY  shift 63
	SCOPY  shift 64
	INSTANCEOF  shift 65
	'-'  shift 66
	'$'  shift 67
	'@'  shift 68
	'#'  shift 69
	'!'  shift 70
	'('  shift 71
	IDENTIFIER  reduce 43

	LValue  goto 93
	Expr  goto 156
	Call  goto 95
	Receiver  goto 88
	Constant  goto 89


state 122
	Expr : Expr OR . Expr  (65)
	Receiver : .  (43)

	NULL  shift 47
	THIS  shift 48
	NEW  shift 54
	READ_INTEGER  shift 57
	READ_LINE  shift 58
	CASE  shift 59
	SUPER  shift 60
	LITERAL  shift 61
	DCOPY  shift 63
	SCOPY  shift 64
	INSTANCEOF  shift 65
	'-'  shift 66
	'$'  shift 67
	'@'  shift 68
	'#'  shift 69
	'!'  shift 70
	'('  shift 71
	IDENTIFIER  reduce 43

	LValue  goto 93
	Expr  goto 157
	Call  goto 95
	Receiver  goto 88
	Constant  goto 89


state 123
	Expr : Expr LESS_EQUAL . Expr  (62)
	Receiver : .  (43)

	NULL  shift 47
	THIS  shift 48
	NEW  shift 54
	READ_INTEGER  shift 57
	READ_LINE  shift 58
	CASE  shift 59
	SUPER  shift 60
	LITERAL  shift 61
	DCOPY  shift 63
	SCOPY  shift 64
	INSTANCEOF  shift 65
	'-'  shift 66
	'$'  shift 67
	'@'  shift 68
	'#'  shift 69
	'!'  shift 70
	'('  shift 71
	IDENTIFIER  reduce 43

	LValue  goto 93
	Expr  goto 158
	Call  goto 95
	Receiver  goto 88
	Constant  goto 89


state 124
	Expr : Expr GREATER_EQUAL . Expr  (63)
	Receiver : .  (43)

	NULL  shift 47
	THIS  shift 48
	NEW  shift 54
	READ_INTEGER  shift 57
	READ_LINE  shift 58
	CASE  shift 59
	SUPER  shift 60
	LITERAL  shift 61
	DCOPY  shift 63
	SCOPY  shift 64
	INSTANCEOF  shift 65
	'-'  shift 66
	'$'  shift 67
	'@'  shift 68
	'#'  shift 69
	'!'  shift 70
	'('  shift 71
	IDENTIFIER  reduce 43

	LValue  goto 93
	Expr  goto 159
	Call  goto 95
	Receiver  goto 88
	Constant  goto 89


state 125
	Expr : Expr EQUAL . Expr  (58)
	Receiver : .  (43)

	NULL  shift 47
	THIS  shift 48
	NEW  shift 54
	READ_INTEGER  shift 57
	READ_LINE  shift 58
	CASE  shift 59
	SUPER  shift 60
	LITERAL  shift 61
	DCOPY  shift 63
	SCOPY  shift 64
	INSTANCEOF  shift 65
	'-'  shift 66
	'$'  shift 67
	'@'  shift 68
	'#'  shift 69
	'!'  shift 70
	'('  shift 71
	IDENTIFIER  reduce 43

	LValue  goto 93
	Expr  goto 160
	Call  goto 95
	Receiver  goto 88
	Constant  goto 89


state 126
	Expr : Expr NOT_EQUAL . Expr  (59)
	Receiver : .  (43)

	NULL  shift 47
	THIS  shift 48
	NEW  shift 54
	READ_INTEGER  shift 57
	READ_LINE  shift 58
	CASE  shift 59
	SUPER  shift 60
	LITERAL  shift 61
	DCOPY  shift 63
	SCOPY  shift 64
	INSTANCEOF  shift 65
	'-'  shift 66
	'$'  shift 67
	'@'  shift 68
	'#'  shift 69
	'!'  shift 70
	'('  shift 71
	IDENTIFIER  reduce 43

	LValue  goto 93
	Expr  goto 161
	Call  goto 95
	Receiver  goto 88
	Constant  goto 89


state 127
	Expr : Expr '+' . Expr  (53)
	Receiver : .  (43)

	NULL  shift 47
	THIS  shift 48
	NEW  shift 54
	READ_INTEGER  shift 57
	READ_LINE  shift 58
	CASE  shift 59
	SUPER  shift 60
	LITERAL  shift 61
	DCOPY  shift 63
	SCOPY  shift 64
	INSTANCEOF  shift 65
	'-'  shift 66
	'$'  shift 67
	'@'  shift 68
	'#'  shift 69
	'!'  shift 70
	'('  shift 71
	IDENTIFIER  reduce 43

	LValue  goto 93
	Expr  goto 162
	Call  goto 95
	Receiver  goto 88
	Constant  goto 89


state 128
	Expr : Expr '-' . Expr  (54)
	Receiver : .  (43)

	NULL  shift 47
	THIS  shift 48
	NEW  shift 54
	READ_INTEGER  shift 57
	READ_LINE  shift 58
	CASE  shift 59
	SUPER  shift 60
	LITERAL  shift 61
	DCOPY  shift 63
	SCOPY  shift 64
	INSTANCEOF  shift 65
	'-'  shift 66
	'$'  shift 67
	'@'  shift 68
	'#'  shift 69
	'!'  shift 70
	'('  shift 71
	IDENTIFIER  reduce 43

	LValue  goto 93
	Expr  goto 163
	Call  goto 95
	Receiver  goto 88
	Constant  goto 89


state 129
	Expr : Expr '*' . Expr  (55)
	Receiver : .  (43)

	NULL  shift 47
	THIS  shift 48
	NEW  shift 54
	READ_INTEGER  shift 57
	READ_LINE  shift 58
	CASE  shift 59
	SUPER  shift 60
	LITERAL  shift 61
	DCOPY  shift 63
	SCOPY  shift 64
	INSTANCEOF  shift 65
	'-'  shift 66
	'$'  shift 67
	'@'  shift 68
	'#'  shift 69
	'!'  shift 70
	'('  shift 71
	IDENTIFIER  reduce 43

	LValue  goto 93
	Expr  goto 164
	Call  goto 95
	Receiver  goto 88
	Constant  goto 89


state 130
	Expr : Expr '/' . Expr  (56)
	Receiver : .  (43)

	NULL  shift 47
	THIS  shift 48
	NEW  shift 54
	READ_INTEGER  shift 57
	READ_LINE  shift 58
	CASE  shift 59
	SUPER  shift 60
	LITERAL  shift 61
	DCOPY  shift 63
	SCOPY  shift 64
	INSTANCEOF  shift 65
	'-'  shift 66
	'$'  shift 67
	'@'  shift 68
	'#'  shift 69
	'!'  shift 70
	'('  shift 71
	IDENTIFIER  reduce 43

	LValue  goto 93
	Expr  goto 165
	Call  goto 95
	Receiver  goto 88
	Constant  goto 89


state 131
	Expr : Expr '%' . Expr  (57)
	Receiver : .  (43)

	NULL  shift 47
	THIS  shift 48
	NEW  shift 54
	READ_INTEGER  shift 57
	READ_LINE  shift 58
	CASE  shift 59
	SUPER  shift 60
	LITERAL  shift 61
	DCOPY  shift 63
	SCOPY  shift 64
	INSTANCEOF  shift 65
	'-'  shift 66
	'$'  shift 67
	'@'  shift 68
	'#'  shift 69
	'!'  shift 70
	'('  shift 71
	IDENTIFIER  reduce 43

	LValue  goto 93
	Expr  goto 166
	Call  goto 95
	Receiver  goto 88
	Constant  goto 89


state 132
	Expr : Expr '>' . Expr  (61)
	Receiver : .  (43)

	NULL  shift 47
	THIS  shift 48
	NEW  shift 54
	READ_INTEGER  shift 57
	READ_LINE  shift 58
	CASE  shift 59
	SUPER  shift 60
	LITERAL  shift 61
	DCOPY  shift 63
	SCOPY  shift 64
	INSTANCEOF  shift 65
	'-'  shift 66
	'$'  shift 67
	'@'  shift 68
	'#'  shift 69
	'!'  shift 70
	'('  shift 71
	IDENTIFIER  reduce 43

	LValue  goto 93
	Expr  goto 167
	Call  goto 95
	Receiver  goto 88
	Constant  goto 89


state 133
	Expr : Expr '<' . Expr  (60)
	Receiver : .  (43)

	NULL  shift 47
	THIS  shift 48
	NEW  shift 54
	READ_INTEGER  shift 57
	READ_LINE  shift 58
	CASE  shift 59
	SUPER  shift 60
	LITERAL  shift 61
	DCOPY  shift 63
	SCOPY  shift 64
	INSTANCEOF  shift 65
	'-'  shift 66
	'$'  shift 67
	'@'  shift 68
	'#'  shift 69
	'!'  shift 70
	'('  shift 71
	IDENTIFIER  reduce 43

	LValue  goto 93
	Expr  goto 168
	Call  goto 95
	Receiver  goto 88
	Constant  goto 89


state 134
	Receiver : Expr '.' .  (42)

	.  reduce 42


state 135
	LValue : Expr '[' . Expr ']'  (45)
	Receiver : .  (43)

	NULL  shift 47
	THIS  shift 48
	NEW  shift 54
	READ_INTEGER  shift 57
	READ_LINE  shift 58
	CASE  shift 59
	SUPER  shift 60
	LITERAL  shift 61
	DCOPY  shift 63
	SCOPY  shift 64
	INSTANCEOF  shift 65
	'-'  shift 66
	'$'  shift 67
	'@'  shift 68
	'#'  shift 69
	'!'  shift 70
	'('  shift 71
	IDENTIFIER  reduce 43

	LValue  goto 93
	Expr  goto 169
	Call  goto 95
	Receiver  goto 88
	Constant  goto 89


state 136
	LValue : Receiver IDENTIFIER .  (44)
	Call : Receiver IDENTIFIER . '(' Actuals ')'  (46)

	'('  shift 170
	AND  reduce 44
	OR  reduce 44
	LESS_EQUAL  reduce 44
	GREATER_EQUAL  reduce 44
	EQUAL  reduce 44
	NOT_EQUAL  reduce 44
	'+'  reduce 44
	'-'  reduce 44
	'*'  reduce 44
	'/'  reduce 44
	'%'  reduce 44
	'='  reduce 44
	'>'  reduce 44
	'<'  reduce 44
	'.'  reduce 44
	','  reduce 44
	';'  reduce 44
	':'  reduce 44
	')'  reduce 44
	'['  reduce 44
	']'  reduce 44


state 137
	Receiver : Expr . '.'  (42)
	LValue : Expr . '[' Expr ']'  (45)
	Expr : Expr . '+' Expr  (53)
	Expr : Expr . '-' Expr  (54)
	Expr : Expr . '*' Expr  (55)
	Expr : Expr . '/' Expr  (56)
	Expr : Expr . '%' Expr  (57)
	Expr : Expr . EQUAL Expr  (58)
	Expr : Expr . NOT_EQUAL Expr  (59)
	Expr : Expr . '<' Expr  (60)
	Expr : Expr . '>' Expr  (61)
	Expr : Expr . LESS_EQUAL Expr  (62)
	Expr : Expr . GREATER_EQUAL Expr  (63)
	Expr : Expr . AND Expr  (64)
	Expr : Expr . OR Expr  (65)
	WhileStmt : WHILE '(' Expr . ')' Stmt  (90)

	AND  shift 121
	OR  shift 122
	LESS_EQUAL  shift 123
	GREATER_EQUAL  shift 124
	EQUAL  shift 125
	NOT_EQUAL  shift 126
	'+'  shift 127
	'-'  shift 128
	'*'  shift 129
	'/'  shift 130
	'%'  shift 131
	'>'  shift 132
	'<'  shift 133
	'.'  shift 134
	')'  shift 171
	'['  shift 135
	.  error


state 138
	ForStmt : FOR '(' SimpleStmt . ';' Expr ';' SimpleStmt ')' Stmt  (91)

	';'  shift 172
	.  error


state 139
	Receiver : Expr . '.'  (42)
	LValue : Expr . '[' Expr ']'  (45)
	Expr : Expr . '+' Expr  (53)
	Expr : Expr . '-' Expr  (54)
	Expr : Expr . '*' Expr  (55)
	Expr : Expr . '/' Expr  (56)
	Expr : Expr . '%' Expr  (57)
	Expr : Expr . EQUAL Expr  (58)
	Expr : Expr . NOT_EQUAL Expr  (59)
	Expr : Expr . '<' Expr  (60)
	Expr : Expr . '>' Expr  (61)
	Expr : Expr . LESS_EQUAL Expr  (62)
	Expr : Expr . GREATER_EQUAL Expr  (63)
	Expr : Expr . AND Expr  (64)
	Expr : Expr . OR Expr  (65)
	IfStmt : IF '(' Expr . ')' Stmt ElseClause  (93)

	AND  shift 121
	OR  shift 122
	LESS_EQUAL  shift 123
	GREATER_EQUAL  shift 124
	EQUAL  shift 125
	NOT_EQUAL  shift 126
	'+'  shift 127
	'-'  shift 128
	'*'  shift 129
	'/'  shift 130
	'%'  shift 131
	'>'  shift 132
	'<'  shift 133
	'.'  shift 134
	')'  shift 173
	'['  shift 135
	.  error


state 140
	Expr : NEW IDENTIFIER '(' . ')'  (76)

	')'  shift 174
	.  error


state 141
	Type : Type '[' . ']'  (12)
	Expr : NEW Type '[' . Expr ']'  (77)
	Receiver : .  (43)

	NULL  shift 47
	THIS  shift 48
	NEW  shift 54
	READ_INTEGER  shift 57
	READ_LINE  shift 58
	CASE  shift 59
	SUPER  shift 60
	LITERAL  shift 61
	DCOPY  shift 63
	SCOPY  shift 64
	INSTANCEOF  shift 65
	'-'  shift 66
	'$'  shift 67
	'@'  shift 68
	'#'  shift 69
	'!'  shift 70
	'('  shift 71
	']'  shift 31
	IDENTIFIER  reduce 43

	LValue  goto 93
	Expr  goto 175
	Call  goto 95
	Receiver  goto 88
	Constant  goto 89


state 142
	Receiver : Expr . '.'  (42)
	LValue : Expr . '[' Expr ']'  (45)
	Expr : Expr . '+' Expr  (53)
	Expr : Expr . '-' Expr  (54)
	Expr : Expr . '*' Expr  (55)
	Expr : Expr . '/' Expr  (56)
	Expr : Expr . '%' Expr  (57)
	Expr : Expr . EQUAL Expr  (58)
	Expr : Expr . NOT_EQUAL Expr  (59)
	Expr : Expr . '<' Expr  (60)
	Expr : Expr . '>' Expr  (61)
	Expr : Expr . LESS_EQUAL Expr  (62)
	Expr : Expr . GREATER_EQUAL Expr  (63)
	Expr : Expr . AND Expr  (64)
	Expr : Expr . OR Expr  (65)
	ExprList : Expr .  (89)

	AND  shift 121
	OR  shift 122
	LESS_EQUAL  shift 123
	GREATER_EQUAL  shift 124
	EQUAL  shift 125
	NOT_EQUAL  shift 126
	'+'  shift 127
	'-'  shift 128
	'*'  shift 129
	'/'  shift 130
	'%'  shift 131
	'>'  shift 132
	'<'  shift 133
	'.'  shift 134
	'['  shift 135
	','  reduce 89
	')'  reduce 89


state 143
	ExprList : ExprList . ',' Expr  (88)
	PrintStmt : PRINT '(' ExprList . ')'  (98)

	','  shift 176
	')'  shift 177
	.  error


state 144
	ExprList : ExprList . ',' Expr  (88)
	PrintCompStmt : PRINTCOMP '(' ExprList . ')'  (99)

	','  shift 176
	')'  shift 178
	.  error


state 145
	Expr : READ_INTEGER '(' ')' .  (72)

	.  reduce 72


state 146
	Expr : READ_LINE '(' ')' .  (73)

	.  reduce 73


state 147
	Receiver : Expr . '.'  (42)
	LValue : Expr . '[' Expr ']'  (45)
	Expr : CASE '(' Expr . ')' '{' ACaseExorList DefaultExpr '}'  (52)
	Expr : Expr . '+' Expr  (53)
	Expr : Expr . '-' Expr  (54)
	Expr : Expr . '*' Expr  (55)
	Expr : Expr . '/' Expr  (56)
	Expr : Expr . '%' Expr  (57)
	Expr : Expr . EQUAL Expr  (58)
	Expr : Expr . NOT_EQUAL Expr  (59)
	Expr : Expr . '<' Expr  (60)
	Expr : Expr . '>' Expr  (61)
	Expr : Expr . LESS_EQUAL Expr  (62)
	Expr : Expr . GREATER_EQUAL Expr  (63)
	Expr : Expr . AND Expr  (64)
	Expr : Expr . OR Expr  (65)

	AND  shift 121
	OR  shift 122
	LESS_EQUAL  shift 123
	GREATER_EQUAL  shift 124
	EQUAL  shift 125
	NOT_EQUAL  shift 126
	'+'  shift 127
	'-'  shift 128
	'*'  shift 129
	'/'  shift 130
	'%'  shift 131
	'>'  shift 132
	'<'  shift 133
	'.'  shift 134
	')'  shift 179
	'['  shift 135
	.  error


state 148
	Receiver : Expr . '.'  (42)
	LValue : Expr . '[' Expr ']'  (45)
	Expr : Expr . '+' Expr  (53)
	Expr : Expr . '-' Expr  (54)
	Expr : Expr . '*' Expr  (55)
	Expr : Expr . '/' Expr  (56)
	Expr : Expr . '%' Expr  (57)
	Expr : Expr . EQUAL Expr  (58)
	Expr : Expr . NOT_EQUAL Expr  (59)
	Expr : Expr . '<' Expr  (60)
	Expr : Expr . '>' Expr  (61)
	Expr : Expr . LESS_EQUAL Expr  (62)
	Expr : Expr . GREATER_EQUAL Expr  (63)
	Expr : Expr . AND Expr  (64)
	Expr : Expr . OR Expr  (65)
	DoSubStmt : Expr . ':' Stmt  (100)

	AND  shift 121
	OR  shift 122
	LESS_EQUAL  shift 123
	GREATER_EQUAL  shift 124
	EQUAL  shift 125
	NOT_EQUAL  shift 126
	'+'  shift 127
	'-'  shift 128
	'*'  shift 129
	'/'  shift 130
	'%'  shift 131
	'>'  shift 132
	'<'  shift 133
	'.'  shift 134
	':'  shift 180
	'['  shift 135
	.  error


state 149
	DoBranch : DoBranch DoSubStmt . SPLIT  (101)
	DoStmt : DO DoBranch DoSubStmt . OD  (103)

	OD  shift 181
	SPLIT  shift 182
	.  error


state 150
	Receiver : Expr . '.'  (42)
	LValue : Expr . '[' Expr ']'  (45)
	Expr : DCOPY '(' Expr . ')'  (48)
	Expr : Expr . '+' Expr  (53)
	Expr : Expr . '-' Expr  (54)
	Expr : Expr . '*' Expr  (55)
	Expr : Expr . '/' Expr  (56)
	Expr : Expr . '%' Expr  (57)
	Expr : Expr . EQUAL Expr  (58)
	Expr : Expr . NOT_EQUAL Expr  (59)
	Expr : Expr . '<' Expr  (60)
	Expr : Expr . '>' Expr  (61)
	Expr : Expr . LESS_EQUAL Expr  (62)
	Expr : Expr . GREATER_EQUAL Expr  (63)
	Expr : Expr . AND Expr  (64)
	Expr : Expr . OR Expr  (65)

	AND  shift 121
	OR  shift 122
	LESS_EQUAL  shift 123
	GREATER_EQUAL  shift 124
	EQUAL  shift 125
	NOT_EQUAL  shift 126
	'+'  shift 127
	'-'  shift 128
	'*'  shift 129
	'/'  shift 130
	'%'  shift 131
	'>'  shift 132
	'<'  shift 133
	'.'  shift 134
	')'  shift 183
	'['  shift 135
	.  error


state 151
	Receiver : Expr . '.'  (42)
	LValue : Expr . '[' Expr ']'  (45)
	Expr : SCOPY '(' Expr . ')'  (49)
	Expr : Expr . '+' Expr  (53)
	Expr : Expr . '-' Expr  (54)
	Expr : Expr . '*' Expr  (55)
	Expr : Expr . '/' Expr  (56)
	Expr : Expr . '%' Expr  (57)
	Expr : Expr . EQUAL Expr  (58)
	Expr : Expr . NOT_EQUAL Expr  (59)
	Expr : Expr . '<' Expr  (60)
	Expr : Expr . '>' Expr  (61)
	Expr : Expr . LESS_EQUAL Expr  (62)
	Expr : Expr . GREATER_EQUAL Expr  (63)
	Expr : Expr . AND Expr  (64)
	Expr : Expr . OR Expr  (65)

	AND  shift 121
	OR  shift 122
	LESS_EQUAL  shift 123
	GREATER_EQUAL  shift 124
	EQUAL  shift 125
	NOT_EQUAL  shift 126
	'+'  shift 127
	'-'  shift 128
	'*'  shift 129
	'/'  shift 130
	'%'  shift 131
	'>'  shift 132
	'<'  shift 133
	'.'  shift 134
	')'  shift 184
	'['  shift 135
	.  error


state 152
	Receiver : Expr . '.'  (42)
	LValue : Expr . '[' Expr ']'  (45)
	Expr : Expr . '+' Expr  (53)
	Expr : Expr . '-' Expr  (54)
	Expr : Expr . '*' Expr  (55)
	Expr : Expr . '/' Expr  (56)
	Expr : Expr . '%' Expr  (57)
	Expr : Expr . EQUAL Expr  (58)
	Expr : Expr . NOT_EQUAL Expr  (59)
	Expr : Expr . '<' Expr  (60)
	Expr : Expr . '>' Expr  (61)
	Expr : Expr . LESS_EQUAL Expr  (62)
	Expr : Expr . GREATER_EQUAL Expr  (63)
	Expr : Expr . AND Expr  (64)
	Expr : Expr . OR Expr  (65)
	Expr : INSTANCEOF '(' Expr . ',' IDENTIFIER ')'  (78)

	AND  shift 121
	OR  shift 122
	LESS_EQUAL  shift 123
	GREATER_EQUAL  shift 124
	EQUAL  shift 125
	NOT_EQUAL  shift 126
	'+'  shift 127
	'-'  shift 128
	'*'  shift 129
	'/'  shift 130
	'%'  shift 131
	'>'  shift 132
	'<'  shift 133
	'.'  shift 134
	','  shift 185
	'['  shift 135
	.  error


state 153
	Expr : '(' CLASS IDENTIFIER . ')' Expr  (79)

	')'  shift 186
	.  error


state 154
	Expr : '(' Expr ')' .  (66)

	.  reduce 66


state 155
	SimpleStmt : LValue '=' Expr .  (39)
	Receiver : Expr . '.'  (42)
	LValue : Expr . '[' Expr ']'  (45)
	Expr : Expr . '+' Expr  (53)
	Expr : Expr . '-' Expr  (54)
	Expr : Expr . '*' Expr  (55)
	Expr : Expr . '/' Expr  (56)
	Expr : Expr . '%' Expr  (57)
	Expr : Expr . EQUAL Expr  (58)
	Expr : Expr . NOT_EQUAL Expr  (59)
	Expr : Expr . '<' Expr  (60)
	Expr : Expr . '>' Expr  (61)
	Expr : Expr . LESS_EQUAL Expr  (62)
	Expr : Expr . GREATER_EQUAL Expr  (63)
	Expr : Expr . AND Expr  (64)
	Expr : Expr . OR Expr  (65)

	AND  shift 121
	OR  shift 122
	LESS_EQUAL  shift 123
	GREATER_EQUAL  shift 124
	EQUAL  shift 125
	NOT_EQUAL  shift 126
	'+'  shift 127
	'-'  shift 128
	'*'  shift 129
	'/'  shift 130
	'%'  shift 131
	'>'  shift 132
	'<'  shift 133
	'.'  shift 134
	'['  shift 135
	';'  reduce 39
	')'  reduce 39


state 156
	Receiver : Expr . '.'  (42)
	LValue : Expr . '[' Expr ']'  (45)
	Expr : Expr . '+' Expr  (53)
	Expr : Expr . '-' Expr  (54)
	Expr : Expr . '*' Expr  (55)
	Expr : Expr . '/' Expr  (56)
	Expr : Expr . '%' Expr  (57)
	Expr : Expr . EQUAL Expr  (58)
	Expr : Expr . NOT_EQUAL Expr  (59)
	Expr : Expr . '<' Expr  (60)
	Expr : Expr . '>' Expr  (61)
	Expr : Expr . LESS_EQUAL Expr  (62)
	Expr : Expr . GREATER_EQUAL Expr  (63)
	Expr : Expr . AND Expr  (64)
	Expr : Expr AND Expr .  (64)
	Expr : Expr . OR Expr  (65)

	LESS_EQUAL  shift 123
	GREATER_EQUAL  shift 124
	EQUAL  shift 125
	NOT_EQUAL  shift 126
	'+'  shift 127
	'-'  shift 128
	'*'  shift 129
	'/'  shift 130
	'%'  shift 131
	'>'  shift 132
	'<'  shift 133
	'.'  shift 134
	'['  shift 135
	AND  reduce 64
	OR  reduce 64
	','  reduce 64
	';'  reduce 64
	':'  reduce 64
	')'  reduce 64
	']'  reduce 64


state 157
	Receiver : Expr . '.'  (42)
	LValue : Expr . '[' Expr ']'  (45)
	Expr : Expr . '+' Expr  (53)
	Expr : Expr . '-' Expr  (54)
	Expr : Expr . '*' Expr  (55)
	Expr : Expr . '/' Expr  (56)
	Expr : Expr . '%' Expr  (57)
	Expr : Expr . EQUAL Expr  (58)
	Expr : Expr . NOT_EQUAL Expr  (59)
	Expr : Expr . '<' Expr  (60)
	Expr : Expr . '>' Expr  (61)
	Expr : Expr . LESS_EQUAL Expr  (62)
	Expr : Expr . GREATER_EQUAL Expr  (63)
	Expr : Expr . AND Expr  (64)
	Expr : Expr . OR Expr  (65)
	Expr : Expr OR Expr .  (65)

	AND  shift 121
	LESS_EQUAL  shift 123
	GREATER_EQUAL  shift 124
	EQUAL  shift 125
	NOT_EQUAL  shift 126
	'+'  shift 127
	'-'  shift 128
	'*'  shift 129
	'/'  shift 130
	'%'  shift 131
	'>'  shift 132
	'<'  shift 133
	'.'  shift 134
	'['  shift 135
	OR  reduce 65
	','  reduce 65
	';'  reduce 65
	':'  reduce 65
	')'  reduce 65
	']'  reduce 65


state 158
	Receiver : Expr . '.'  (42)
	LValue : Expr . '[' Expr ']'  (45)
	Expr : Expr . '+' Expr  (53)
	Expr : Expr . '-' Expr  (54)
	Expr : Expr . '*' Expr  (55)
	Expr : Expr . '/' Expr  (56)
	Expr : Expr . '%' Expr  (57)
	Expr : Expr . EQUAL Expr  (58)
	Expr : Expr . NOT_EQUAL Expr  (59)
	Expr : Expr . '<' Expr  (60)
	Expr : Expr . '>' Expr  (61)
	Expr : Expr . LESS_EQUAL Expr  (62)
	Expr : Expr LESS_EQUAL Expr .  (62)
	Expr : Expr . GREATER_EQUAL Expr  (63)
	Expr : Expr . AND Expr  (64)
	Expr : Expr . OR Expr  (65)

	'+'  shift 127
	'-'  shift 128
	'*'  shift 129
	'/'  shift 130
	'%'  shift 131
	'.'  shift 134
	'['  shift 135
	AND  reduce 62
	OR  reduce 62
	EQUAL  reduce 62
	NOT_EQUAL  reduce 62
	','  reduce 62
	';'  reduce 62
	':'  reduce 62
	')'  reduce 62
	']'  reduce 62


state 159
	Receiver : Expr . '.'  (42)
	LValue : Expr . '[' Expr ']'  (45)
	Expr : Expr . '+' Expr  (53)
	Expr : Expr . '-' Expr  (54)
	Expr : Expr . '*' Expr  (55)
	Expr : Expr . '/' Expr  (56)
	Expr : Expr . '%' Expr  (57)
	Expr : Expr . EQUAL Expr  (58)
	Expr : Expr . NOT_EQUAL Expr  (59)
	Expr : Expr . '<' Expr  (60)
	Expr : Expr . '>' Expr  (61)
	Expr : Expr . LESS_EQUAL Expr  (62)
	Expr : Expr . GREATER_EQUAL Expr  (63)
	Expr : Expr GREATER_EQUAL Expr .  (63)
	Expr : Expr . AND Expr  (64)
	Expr : Expr . OR Expr  (65)

	'+'  shift 127
	'-'  shift 128
	'*'  shift 129
	'/'  shift 130
	'%'  shift 131
	'.'  shift 134
	'['  shift 135
	AND  reduce 63
	OR  reduce 63
	EQUAL  reduce 63
	NOT_EQUAL  reduce 63
	','  reduce 63
	';'  reduce 63
	':'  reduce 63
	')'  reduce 63
	']'  reduce 63


state 160
	Receiver : Expr . '.'  (42)
	LValue : Expr . '[' Expr ']'  (45)
	Expr : Expr . '+' Expr  (53)
	Expr : Expr . '-' Expr  (54)
	Expr : Expr . '*' Expr  (55)
	Expr : Expr . '/' Expr  (56)
	Expr : Expr . '%' Expr  (57)
	Expr : Expr . EQUAL Expr  (58)
	Expr : Expr EQUAL Expr .  (58)
	Expr : Expr . NOT_EQUAL Expr  (59)
	Expr : Expr . '<' Expr  (60)
	Expr : Expr . '>' Expr  (61)
	Expr : Expr . LESS_EQUAL Expr  (62)
	Expr : Expr . GREATER_EQUAL Expr  (63)
	Expr : Expr . AND Expr  (64)
	Expr : Expr . OR Expr  (65)

	LESS_EQUAL  shift 123
	GREATER_EQUAL  shift 124
	'+'  shift 127
	'-'  shift 128
	'*'  shift 129
	'/'  shift 130
	'%'  shift 131
	'>'  shift 132
	'<'  shift 133
	'.'  shift 134
	'['  shift 135
	AND  reduce 58
	OR  reduce 58
	','  reduce 58
	';'  reduce 58
	':'  reduce 58
	')'  reduce 58
	']'  reduce 58


state 161
	Receiver : Expr . '.'  (42)
	LValue : Expr . '[' Expr ']'  (45)
	Expr : Expr . '+' Expr  (53)
	Expr : Expr . '-' Expr  (54)
	Expr : Expr . '*' Expr  (55)
	Expr : Expr . '/' Expr  (56)
	Expr : Expr . '%' Expr  (57)
	Expr : Expr . EQUAL Expr  (58)
	Expr : Expr . NOT_EQUAL Expr  (59)
	Expr : Expr NOT_EQUAL Expr .  (59)
	Expr : Expr . '<' Expr  (60)
	Expr : Expr . '>' Expr  (61)
	Expr : Expr . LESS_EQUAL Expr  (62)
	Expr : Expr . GREATER_EQUAL Expr  (63)
	Expr : Expr . AND Expr  (64)
	Expr : Expr . OR Expr  (65)

	LESS_EQUAL  shift 123
	GREATER_EQUAL  shift 124
	'+'  shift 127
	'-'  shift 128
	'*'  shift 129
	'/'  shift 130
	'%'  shift 131
	'>'  shift 132
	'<'  shift 133
	'.'  shift 134
	'['  shift 135
	AND  reduce 59
	OR  reduce 59
	','  reduce 59
	';'  reduce 59
	':'  reduce 59
	')'  reduce 59
	']'  reduce 59


state 162
	Receiver : Expr . '.'  (42)
	LValue : Expr . '[' Expr ']'  (45)
	Expr : Expr . '+' Expr  (53)
	Expr : Expr '+' Expr .  (53)
	Expr : Expr . '-' Expr  (54)
	Expr : Expr . '*' Expr  (55)
	Expr : Expr . '/' Expr  (56)
	Expr : Expr . '%' Expr  (57)
	Expr : Expr . EQUAL Expr  (58)
	Expr : Expr . NOT_EQUAL Expr  (59)
	Expr : Expr . '<' Expr  (60)
	Expr : Expr . '>' Expr  (61)
	Expr : Expr . LESS_EQUAL Expr  (62)
	Expr : Expr . GREATER_EQUAL Expr  (63)
	Expr : Expr . AND Expr  (64)
	Expr : Expr . OR Expr  (65)

	'*'  shift 129
	'/'  shift 130
	'%'  shift 131
	'.'  shift 134
	'['  shift 135
	AND  reduce 53
	OR  reduce 53
	LESS_EQUAL  reduce 53
	GREATER_EQUAL  reduce 53
	EQUAL  reduce 53
	NOT_EQUAL  reduce 53
	'+'  reduce 53
	'-'  reduce 53
	'>'  reduce 53
	'<'  reduce 53
	','  reduce 53
	';'  reduce 53
	':'  reduce 53
	')'  reduce 53
	']'  reduce 53


state 163
	Receiver : Expr . '.'  (42)
	LValue : Expr . '[' Expr ']'  (45)
	Expr : Expr . '+' Expr  (53)
	Expr : Expr . '-' Expr  (54)
	Expr : Expr '-' Expr .  (54)
	Expr : Expr . '*' Expr  (55)
	Expr : Expr . '/' Expr  (56)
	Expr : Expr . '%' Expr  (57)
	Expr : Expr . EQUAL Expr  (58)
	Expr : Expr . NOT_EQUAL Expr  (59)
	Expr : Expr . '<' Expr  (60)
	Expr : Expr . '>' Expr  (61)
	Expr : Expr . LESS_EQUAL Expr  (62)
	Expr : Expr . GREATER_EQUAL Expr  (63)
	Expr : Expr . AND Expr  (64)
	Expr : Expr . OR Expr  (65)

	'*'  shift 129
	'/'  shift 130
	'%'  shift 131
	'.'  shift 134
	'['  shift 135
	AND  reduce 54
	OR  reduce 54
	LESS_EQUAL  reduce 54
	GREATER_EQUAL  reduce 54
	EQUAL  reduce 54
	NOT_EQUAL  reduce 54
	'+'  reduce 54
	'-'  reduce 54
	'>'  reduce 54
	'<'  reduce 54
	','  reduce 54
	';'  reduce 54
	':'  reduce 54
	')'  reduce 54
	']'  reduce 54


state 164
	Receiver : Expr . '.'  (42)
	LValue : Expr . '[' Expr ']'  (45)
	Expr : Expr . '+' Expr  (53)
	Expr : Expr . '-' Expr  (54)
	Expr : Expr . '*' Expr  (55)
	Expr : Expr '*' Expr .  (55)
	Expr : Expr . '/' Expr  (56)
	Expr : Expr . '%' Expr  (57)
	Expr : Expr . EQUAL Expr  (58)
	Expr : Expr . NOT_EQUAL Expr  (59)
	Expr : Expr . '<' Expr  (60)
	Expr : Expr . '>' Expr  (61)
	Expr : Expr . LESS_EQUAL Expr  (62)
	Expr : Expr . GREATER_EQUAL Expr  (63)
	Expr : Expr . AND Expr  (64)
	Expr : Expr . OR Expr  (65)

	'.'  shift 134
	'['  shift 135
	AND  reduce 55
	OR  reduce 55
	LESS_EQUAL  reduce 55
	GREATER_EQUAL  reduce 55
	EQUAL  reduce 55
	NOT_EQUAL  reduce 55
	'+'  reduce 55
	'-'  reduce 55
	'*'  reduce 55
	'/'  reduce 55
	'%'  reduce 55
	'>'  reduce 55
	'<'  reduce 55
	','  reduce 55
	';'  reduce 55
	':'  reduce 55
	')'  reduce 55
	']'  reduce 55


state 165
	Receiver : Expr . '.'  (42)
	LValue : Expr . '[' Expr ']'  (45)
	Expr : Expr . '+' Expr  (53)
	Expr : Expr . '-' Expr  (54)
	Expr : Expr . '*' Expr  (55)
	Expr : Expr . '/' Expr  (56)
	Expr : Expr '/' Expr .  (56)
	Expr : Expr . '%' Expr  (57)
	Expr : Expr . EQUAL Expr  (58)
	Expr : Expr . NOT_EQUAL Expr  (59)
	Expr : Expr . '<' Expr  (60)
	Expr : Expr . '>' Expr  (61)
	Expr : Expr . LESS_EQUAL Expr  (62)
	Expr : Expr . GREATER_EQUAL Expr  (63)
	Expr : Expr . AND Expr  (64)
	Expr : Expr . OR Expr  (65)

	'.'  shift 134
	'['  shift 135
	AND  reduce 56
	OR  reduce 56
	LESS_EQUAL  reduce 56
	GREATER_EQUAL  reduce 56
	EQUAL  reduce 56
	NOT_EQUAL  reduce 56
	'+'  reduce 56
	'-'  reduce 56
	'*'  reduce 56
	'/'  reduce 56
	'%'  reduce 56
	'>'  reduce 56
	'<'  reduce 56
	','  reduce 56
	';'  reduce 56
	':'  reduce 56
	')'  reduce 56
	']'  reduce 56


state 166
	Receiver : Expr . '.'  (42)
	LValue : Expr . '[' Expr ']'  (45)
	Expr : Expr . '+' Expr  (53)
	Expr : Expr . '-' Expr  (54)
	Expr : Expr . '*' Expr  (55)
	Expr : Expr . '/' Expr  (56)
	Expr : Expr . '%' Expr  (57)
	Expr : Expr '%' Expr .  (57)
	Expr : Expr . EQUAL Expr  (58)
	Expr : Expr . NOT_EQUAL Expr  (59)
	Expr : Expr . '<' Expr  (60)
	Expr : Expr . '>' Expr  (61)
	Expr : Expr . LESS_EQUAL Expr  (62)
	Expr : Expr . GREATER_EQUAL Expr  (63)
	Expr : Expr . AND Expr  (64)
	Expr : Expr . OR Expr  (65)

	'.'  shift 134
	'['  shift 135
	AND  reduce 57
	OR  reduce 57
	LESS_EQUAL  reduce 57
	GREATER_EQUAL  reduce 57
	EQUAL  reduce 57
	NOT_EQUAL  reduce 57
	'+'  reduce 57
	'-'  reduce 57
	'*'  reduce 57
	'/'  reduce 57
	'%'  reduce 57
	'>'  reduce 57
	'<'  reduce 57
	','  reduce 57
	';'  reduce 57
	':'  reduce 57
	')'  reduce 57
	']'  reduce 57


state 167
	Receiver : Expr . '.'  (42)
	LValue : Expr . '[' Expr ']'  (45)
	Expr : Expr . '+' Expr  (53)
	Expr : Expr . '-' Expr  (54)
	Expr : Expr . '*' Expr  (55)
	Expr : Expr . '/' Expr  (56)
	Expr : Expr . '%' Expr  (57)
	Expr : Expr . EQUAL Expr  (58)
	Expr : Expr . NOT_EQUAL Expr  (59)
	Expr : Expr . '<' Expr  (60)
	Expr : Expr . '>' Expr  (61)
	Expr : Expr '>' Expr .  (61)
	Expr : Expr . LESS_EQUAL Expr  (62)
	Expr : Expr . GREATER_EQUAL Expr  (63)
	Expr : Expr . AND Expr  (64)
	Expr : Expr . OR Expr  (65)

	'+'  shift 127
	'-'  shift 128
	'*'  shift 129
	'/'  shift 130
	'%'  shift 131
	'.'  shift 134
	'['  shift 135
	AND  reduce 61
	OR  reduce 61
	EQUAL  reduce 61
	NOT_EQUAL  reduce 61
	','  reduce 61
	';'  reduce 61
	':'  reduce 61
	')'  reduce 61
	']'  reduce 61


state 168
	Receiver : Expr . '.'  (42)
	LValue : Expr . '[' Expr ']'  (45)
	Expr : Expr . '+' Expr  (53)
	Expr : Expr . '-' Expr  (54)
	Expr : Expr . '*' Expr  (55)
	Expr : Expr . '/' Expr  (56)
	Expr : Expr . '%' Expr  (57)
	Expr : Expr . EQUAL Expr  (58)
	Expr : Expr . NOT_EQUAL Expr  (59)
	Expr : Expr . '<' Expr  (60)
	Expr : Expr '<' Expr .  (60)
	Expr : Expr . '>' Expr  (61)
	Expr : Expr . LESS_EQUAL Expr  (62)
	Expr : Expr . GREATER_EQUAL Expr  (63)
	Expr : Expr . AND Expr  (64)
	Expr : Expr . OR Expr  (65)

	'+'  shift 127
	'-'  shift 128
	'*'  shift 129
	'/'  shift 130
	'%'  shift 131
	'.'  shift 134
	'['  shift 135
	AND  reduce 60
	OR  reduce 60
	EQUAL  reduce 60
	NOT_EQUAL  reduce 60
	','  reduce 60
	';'  reduce 60
	':'  reduce 60
	')'  reduce 60
	']'  reduce 60


state 169
	Receiver : Expr . '.'  (42)
	LValue : Expr . '[' Expr ']'  (45)
	LValue : Expr '[' Expr . ']'  (45)
	Expr : Expr . '+' Expr  (53)
	Expr : Expr . '-' Expr  (54)
	Expr : Expr . '*' Expr  (55)
	Expr : Expr . '/' Expr  (56)
	Expr : Expr . '%' Expr  (57)
	Expr : Expr . EQUAL Expr  (58)
	Expr : Expr . NOT_EQUAL Expr  (59)
	Expr : Expr . '<' Expr  (60)
	Expr : Expr . '>' Expr  (61)
	Expr : Expr . LESS_EQUAL Expr  (62)
	Expr : Expr . GREATER_EQUAL Expr  (63)
	Expr : Expr . AND Expr  (64)
	Expr : Expr . OR Expr  (65)

	AND  shift 121
	OR  shift 122
	LESS_EQUAL  shift 123
	GREATER_EQUAL  shift 124
	EQUAL  shift 125
	NOT_EQUAL  shift 126
	'+'  shift 127
	'-'  shift 128
	'*'  shift 129
	'/'  shift 130
	'%'  shift 131
	'>'  shift 132
	'<'  shift 133
	'.'  shift 134
	'['  shift 135
	']'  shift 187
	.  error


state 170
	Call : Receiver IDENTIFIER '(' . Actuals ')'  (46)
	Receiver : .  (43)
	Actuals : .  (87)

	NULL  shift 47
	THIS  shift 48
	NEW  shift 54
	READ_INTEGER  shift 57
	READ_LINE  shift 58
	CASE  shift 59
	SUPER  shift 60
	LITERAL  shift 61
	DCOPY  shift 63
	SCOPY  shift 64
	INSTANCEOF  shift 65
	'-'  shift 66
	'$'  shift 67
	'@'  shift 68
	'#'  shift 69
	'!'  shift 70
	'('  shift 71
	IDENTIFIER  reduce 43
	')'  reduce 87

	LValue  goto 93
	Expr  goto 142
	Call  goto 95
	Receiver  goto 88
	Actuals  goto 188
	Constant  goto 89
	ExprList  goto 189


state 171
	WhileStmt : WHILE '(' Expr ')' . Stmt  (90)
	SimpleStmt : .  (41)
	Receiver : .  (43)

	VOID  shift 12
	BOOL  shift 13
	INT  shift 14
	COMPLEX  shift 15
	STRING  shift 16
	CLASS  shift 17
	NULL  shift 47
	THIS  shift 48
	WHILE  shift 49
	FOR  shift 50
	IF  shift 51
	RETURN  shift 52
	BREAK  shift 53
	NEW  shift 54
	PRINT  shift 55
	PRINTCOMP  shift 56
	READ_INTEGER  shift 57
	READ_LINE  shift 58
	CASE  shift 59
	SUPER  shift 60
	LITERAL  shift 61
	DO  shift 62
	DCOPY  shift 63
	SCOPY  shift 64
	INSTANCEOF  shift 65
	'-'  shift 66
	'$'  shift 67
	'@'  shift 68
	'#'  shift 69
	'!'  shift 70
	'('  shift 71
	'{'  shift 42
	IDENTIFIER  reduce 43
	';'  reduce 41

	VariableDef  goto 73
	Variable  goto 21
	Type  goto 34
	StmtBlock  goto 74
	Stmt  goto 190
	SimpleStmt  goto 76
	IfStmt  goto 77
	WhileStmt  goto 78
	ForStmt  goto 79
	ReturnStmt  goto 80
	PrintStmt  goto 81
	PrintCompStmt  goto 82
	BreakStmt  goto 83
	DoStmt  goto 84
	LValue  goto 85
	Expr  goto 86
	Call  goto 87
	Receiver  goto 88
	Constant  goto 89


state 172
	ForStmt : FOR '(' SimpleStmt ';' . Expr ';' SimpleStmt ')' Stmt  (91)
	Receiver : .  (43)

	NULL  shift 47
	THIS  shift 48
	NEW  shift 54
	READ_INTEGER  shift 57
	READ_LINE  shift 58
	CASE  shift 59
	SUPER  shift 60
	LITERAL  shift 61
	DCOPY  shift 63
	SCOPY  shift 64
	INSTANCEOF  shift 65
	'-'  shift 66
	'$'  shift 67
	'@'  shift 68
	'#'  shift 69
	'!'  shift 70
	'('  shift 71
	IDENTIFIER  reduce 43

	LValue  goto 93
	Expr  goto 191
	Call  goto 95
	Receiver  goto 88
	Constant  goto 89


state 173
	IfStmt : IF '(' Expr ')' . Stmt ElseClause  (93)
	SimpleStmt : .  (41)
	Receiver : .  (43)

	VOID  shift 12
	BOOL  shift 13
	INT  shift 14
	COMPLEX  shift 15
	STRING  shift 16
	CLASS  shift 17
	NULL  shift 47
	THIS  shift 48
	WHILE  shift 49
	FOR  shift 50
	IF  shift 51
	RETURN  shift 52
	BREAK  shift 53
	NEW  shift 54
	PRINT  shift 55
	PRINTCOMP  shift 56
	READ_INTEGER  shift 57
	READ_LINE  shift 58
	CASE  shift 59
	SUPER  shift 60
	LITERAL  shift 61
	DO  shift 62
	DCOPY  shift 63
	SCOPY  shift 64
	INSTANCEOF  shift 65
	'-'  shift 66
	'$'  shift 67
	'@'  shift 68
	'#'  shift 69
	'!'  shift 70
	'('  shift 71
	'{'  shift 42
	IDENTIFIER  reduce 43
	';'  reduce 41

	VariableDef  goto 73
	Variable  goto 21
	Type  goto 34
	StmtBlock  goto 74
	Stmt  goto 192
	SimpleStmt  goto 76
	IfStmt  goto 77
	WhileStmt  goto 78
	ForStmt  goto 79
	ReturnStmt  goto 80
	PrintStmt  goto 81
	PrintCompStmt  goto 82
	BreakStmt  goto 83
	DoStmt  goto 84
	LValue  goto 85
	Expr  goto 86
	Call  goto 87
	Receiver  goto 88
	Constant  goto 89


state 174
	Expr : NEW IDENTIFIER '(' ')' .  (76)

	.  reduce 76


state 175
	Receiver : Expr . '.'  (42)
	LValue : Expr . '[' Expr ']'  (45)
	Expr : Expr . '+' Expr  (53)
	Expr : Expr . '-' Expr  (54)
	Expr : Expr . '*' Expr  (55)
	Expr : Expr . '/' Expr  (56)
	Expr : Expr . '%' Expr  (57)
	Expr : Expr . EQUAL Expr  (58)
	Expr : Expr . NOT_EQUAL Expr  (59)
	Expr : Expr . '<' Expr  (60)
	Expr : Expr . '>' Expr  (61)
	Expr : Expr . LESS_EQUAL Expr  (62)
	Expr : Expr . GREATER_EQUAL Expr  (63)
	Expr : Expr . AND Expr  (64)
	Expr : Expr . OR Expr  (65)
	Expr : NEW Type '[' Expr . ']'  (77)

	AND  shift 121
	OR  shift 122
	LESS_EQUAL  shift 123
	GREATER_EQUAL  shift 124
	EQUAL  shift 125
	NOT_EQUAL  shift 126
	'+'  shift 127
	'-'  shift 128
	'*'  shift 129
	'/'  shift 130
	'%'  shift 131
	'>'  shift 132
	'<'  shift 133
	'.'  shift 134
	'['  shift 135
	']'  shift 193
	.  error


state 176
	ExprList : ExprList ',' . Expr  (88)
	Receiver : .  (43)

	NULL  shift 47
	THIS  shift 48
	NEW  shift 54
	READ_INTEGER  shift 57
	READ_LINE  shift 58
	CASE  shift 59
	SUPER  shift 60
	LITERAL  shift 61
	DCOPY  shift 63
	SCOPY  shift 64
	INSTANCEOF  shift 65
	'-'  shift 66
	'$'  shift 67
	'@'  shift 68
	'#'  shift 69
	'!'  shift 70
	'('  shift 71
	IDENTIFIER  reduce 43

	LValue  goto 93
	Expr  goto 194
	Call  goto 95
	Receiver  goto 88
	Constant  goto 89


state 177
	PrintStmt : PRINT '(' ExprList ')' .  (98)

	.  reduce 98


state 178
	PrintCompStmt : PRINTCOMP '(' ExprList ')' .  (99)

	.  reduce 99


state 179
	Expr : CASE '(' Expr ')' . '{' ACaseExorList DefaultExpr '}'  (52)

	'{'  shift 195
	.  error


state 180
	DoSubStmt : Expr ':' . Stmt  (100)
	SimpleStmt : .  (41)
	Receiver : .  (43)

	VOID  shift 12
	BOOL  shift 13
	INT  shift 14
	COMPLEX  shift 15
	STRING  shift 16
	CLASS  shift 17
	NULL  shift 47
	THIS  shift 48
	WHILE  shift 49
	FOR  shift 50
	IF  shift 51
	RETURN  shift 52
	BREAK  shift 53
	NEW  shift 54
	PRINT  shift 55
	PRINTCOMP  shift 56
	READ_INTEGER  shift 57
	READ_LINE  shift 58
	CASE  shift 59
	SUPER  shift 60
	LITERAL  shift 61
	DO  shift 62
	DCOPY  shift 63
	SCOPY  shift 64
	INSTANCEOF  shift 65
	'-'  shift 66
	'$'  shift 67
	'@'  shift 68
	'#'  shift 69
	'!'  shift 70
	'('  shift 71
	'{'  shift 42
	IDENTIFIER  reduce 43
	';'  reduce 41

	VariableDef  goto 73
	Variable  goto 21
	Type  goto 34
	StmtBlock  goto 74
	Stmt  goto 196
	SimpleStmt  goto 76
	IfStmt  goto 77
	WhileStmt  goto 78
	ForStmt  goto 79
	ReturnStmt  goto 80
	PrintStmt  goto 81
	PrintCompStmt  goto 82
	BreakStmt  goto 83
	DoStmt  goto 84
	LValue  goto 85
	Expr  goto 86
	Call  goto 87
	Receiver  goto 88
	Constant  goto 89


state 181
	DoStmt : DO DoBranch DoSubStmt OD .  (103)

	.  reduce 103


state 182
	DoBranch : DoBranch DoSubStmt SPLIT .  (101)

	.  reduce 101


state 183
	Expr : DCOPY '(' Expr ')' .  (48)

	.  reduce 48


state 184
	Expr : SCOPY '(' Expr ')' .  (49)

	.  reduce 49


state 185
	Expr : INSTANCEOF '(' Expr ',' . IDENTIFIER ')'  (78)

	IDENTIFIER  shift 197
	.  error


state 186
	Expr : '(' CLASS IDENTIFIER ')' . Expr  (79)
	Receiver : .  (43)

	NULL  shift 47
	THIS  shift 48
	NEW  shift 54
	READ_INTEGER  shift 57
	READ_LINE  shift 58
	CASE  shift 59
	SUPER  shift 60
	LITERAL  shift 61
	DCOPY  shift 63
	SCOPY  shift 64
	INSTANCEOF  shift 65
	'-'  shift 66
	'$'  shift 67
	'@'  shift 68
	'#'  shift 69
	'!'  shift 70
	'('  shift 71
	IDENTIFIER  reduce 43

	LValue  goto 93
	Expr  goto 198
	Call  goto 95
	Receiver  goto 88
	Constant  goto 89


state 187
	LValue : Expr '[' Expr ']' .  (45)

	.  reduce 45


state 188
	Call : Receiver IDENTIFIER '(' Actuals . ')'  (46)

	')'  shift 199
	.  error


state 189
	Actuals : ExprList .  (86)
	ExprList : ExprList . ',' Expr  (88)

	','  shift 176
	')'  reduce 86


state 190
	WhileStmt : WHILE '(' Expr ')' Stmt .  (90)

	.  reduce 90


state 191
	Receiver : Expr . '.'  (42)
	LValue : Expr . '[' Expr ']'  (45)
	Expr : Expr . '+' Expr  (53)
	Expr : Expr . '-' Expr  (54)
	Expr : Expr . '*' Expr  (55)
	Expr : Expr . '/' Expr  (56)
	Expr : Expr . '%' Expr  (57)
	Expr : Expr . EQUAL Expr  (58)
	Expr : Expr . NOT_EQUAL Expr  (59)
	Expr : Expr . '<' Expr  (60)
	Expr : Expr . '>' Expr  (61)
	Expr : Expr . LESS_EQUAL Expr  (62)
	Expr : Expr . GREATER_EQUAL Expr  (63)
	Expr : Expr . AND Expr  (64)
	Expr : Expr . OR Expr  (65)
	ForStmt : FOR '(' SimpleStmt ';' Expr . ';' SimpleStmt ')' Stmt  (91)

	AND  shift 121
	OR  shift 122
	LESS_EQUAL  shift 123
	GREATER_EQUAL  shift 124
	EQUAL  shift 125
	NOT_EQUAL  shift 126
	'+'  shift 127
	'-'  shift 128
	'*'  shift 129
	'/'  shift 130
	'%'  shift 131
	'>'  shift 132
	'<'  shift 133
	'.'  shift 134
	';'  shift 200
	'['  shift 135
	.  error


state 192
	IfStmt : IF '(' Expr ')' Stmt . ElseClause  (93)
	ElseClause : .  (95)

	ELSE  shift 201
	VOID  reduce 95
	BOOL  reduce 95
	INT  reduce 95
	COMPLEX  reduce 95
	STRING  reduce 95
	CLASS  reduce 95
	NULL  reduce 95
	THIS  reduce 95
	WHILE  reduce 95
	FOR  reduce 95
	IF  reduce 95
	RETURN  reduce 95
	BREAK  reduce 95
	NEW  reduce 95
	PRINT  reduce 95
	PRINTCOMP  reduce 95
	READ_INTEGER  reduce 95
	READ_LINE  reduce 95
	CASE  reduce 95
	SUPER  reduce 95
	LITERAL  reduce 95
	DO  reduce 95
	OD  reduce 95
	DCOPY  reduce 95
	SCOPY  reduce 95
	SPLIT  reduce 95
	IDENTIFIER  reduce 95
	INSTANCEOF  reduce 95
	'-'  reduce 95
	'$'  reduce 95
	'@'  reduce 95
	'#'  reduce 95
	';'  reduce 95
	'!'  reduce 95
	'('  reduce 95
	'{'  reduce 95
	'}'  reduce 95

	ElseClause  goto 202


state 193
	Expr : NEW Type '[' Expr ']' .  (77)

	.  reduce 77


state 194
	Receiver : Expr . '.'  (42)
	LValue : Expr . '[' Expr ']'  (45)
	Expr : Expr . '+' Expr  (53)
	Expr : Expr . '-' Expr  (54)
	Expr : Expr . '*' Expr  (55)
	Expr : Expr . '/' Expr  (56)
	Expr : Expr . '%' Expr  (57)
	Expr : Expr . EQUAL Expr  (58)
	Expr : Expr . NOT_EQUAL Expr  (59)
	Expr : Expr . '<' Expr  (60)
	Expr : Expr . '>' Expr  (61)
	Expr : Expr . LESS_EQUAL Expr  (62)
	Expr : Expr . GREATER_EQUAL Expr  (63)
	Expr : Expr . AND Expr  (64)
	Expr : Expr . OR Expr  (65)
	ExprList : ExprList ',' Expr .  (88)

	AND  shift 121
	OR  shift 122
	LESS_EQUAL  shift 123
	GREATER_EQUAL  shift 124
	EQUAL  shift 125
	NOT_EQUAL  shift 126
	'+'  shift 127
	'-'  shift 128
	'*'  shift 129
	'/'  shift 130
	'%'  shift 131
	'>'  shift 132
	'<'  shift 133
	'.'  shift 134
	'['  shift 135
	','  reduce 88
	')'  reduce 88


state 195
	Expr : CASE '(' Expr ')' '{' . ACaseExorList DefaultExpr '}'  (52)
	ACaseExorList : .  (85)

	.  reduce 85

	ACaseExorList  goto 203


state 196
	DoSubStmt : Expr ':' Stmt .  (100)

	.  reduce 100


state 197
	Expr : INSTANCEOF '(' Expr ',' IDENTIFIER . ')'  (78)

	')'  shift 204
	.  error


state 198
	Receiver : Expr . '.'  (42)
	LValue : Expr . '[' Expr ']'  (45)
	Expr : Expr . '+' Expr  (53)
	Expr : Expr . '-' Expr  (54)
	Expr : Expr . '*' Expr  (55)
	Expr : Expr . '/' Expr  (56)
	Expr : Expr . '%' Expr  (57)
	Expr : Expr . EQUAL Expr  (58)
	Expr : Expr . NOT_EQUAL Expr  (59)
	Expr : Expr . '<' Expr  (60)
	Expr : Expr . '>' Expr  (61)
	Expr : Expr . LESS_EQUAL Expr  (62)
	Expr : Expr . GREATER_EQUAL Expr  (63)
	Expr : Expr . AND Expr  (64)
	Expr : Expr . OR Expr  (65)
	Expr : '(' CLASS IDENTIFIER ')' Expr .  (79)

	.  reduce 79


state 199
	Call : Receiver IDENTIFIER '(' Actuals ')' .  (46)

	.  reduce 46


state 200
	ForStmt : FOR '(' SimpleStmt ';' Expr ';' . SimpleStmt ')' Stmt  (91)
	SimpleStmt : .  (41)
	Receiver : .  (43)

	NULL  shift 47
	THIS  shift 48
	NEW  shift 54
	READ_INTEGER  shift 57
	READ_LINE  shift 58
	CASE  shift 59
	SUPER  shift 60
	LITERAL  shift 61
	DCOPY  shift 63
	SCOPY  shift 64
	INSTANCEOF  shift 65
	'-'  shift 66
	'$'  shift 67
	'@'  shift 68
	'#'  shift 69
	'!'  shift 70
	'('  shift 71
	IDENTIFIER  reduce 43
	')'  reduce 41

	SimpleStmt  goto 205
	LValue  goto 85
	Expr  goto 86
	Call  goto 87
	Receiver  goto 88
	Constant  goto 89


state 201
	ElseClause : ELSE . Stmt  (94)
	SimpleStmt : .  (41)
	Receiver : .  (43)

	VOID  shift 12
	BOOL  shift 13
	INT  shift 14
	COMPLEX  shift 15
	STRING  shift 16
	CLASS  shift 17
	NULL  shift 47
	THIS  shift 48
	WHILE  shift 49
	FOR  shift 50
	IF  shift 51
	RETURN  shift 52
	BREAK  shift 53
	NEW  shift 54
	PRINT  shift 55
	PRINTCOMP  shift 56
	READ_INTEGER  shift 57
	READ_LINE  shift 58
	CASE  shift 59
	SUPER  shift 60
	LITERAL  shift 61
	DO  shift 62
	DCOPY  shift 63
	SCOPY  shift 64
	INSTANCEOF  shift 65
	'-'  shift 66
	'$'  shift 67
	'@'  shift 68
	'#'  shift 69
	'!'  shift 70
	'('  shift 71
	'{'  shift 42
	IDENTIFIER  reduce 43
	';'  reduce 41

	VariableDef  goto 73
	Variable  goto 21
	Type  goto 34
	StmtBlock  goto 74
	Stmt  goto 206
	SimpleStmt  goto 76
	IfStmt  goto 77
	WhileStmt  goto 78
	ForStmt  goto 79
	ReturnStmt  goto 80
	PrintStmt  goto 81
	PrintCompStmt  goto 82
	BreakStmt  goto 83
	DoStmt  goto 84
	LValue  goto 85
	Expr  goto 86
	Call  goto 87
	Receiver  goto 88
	Constant  goto 89


state 202
	IfStmt : IF '(' Expr ')' Stmt ElseClause .  (93)

	.  reduce 93


state 203
	Expr : CASE '(' Expr ')' '{' ACaseExorList . DefaultExpr '}'  (52)
	ACaseExorList : ACaseExorList . ACaseExor  (84)

	NULL  shift 47
	DEFAULT  shift 207
	LITERAL  shift 61
	.  error

	Constant  goto 208
	DefaultExpr  goto 209
	ACaseExor  goto 210


state 204
	Expr : INSTANCEOF '(' Expr ',' IDENTIFIER ')' .  (78)

	.  reduce 78


state 205
	ForStmt : FOR '(' SimpleStmt ';' Expr ';' SimpleStmt . ')' Stmt  (91)

	')'  shift 211
	.  error


state 206
	ElseClause : ELSE Stmt .  (94)

	.  reduce 94


state 207
	DefaultExpr : DEFAULT . ':' Expr ';'  (83)

	':'  shift 212
	.  error


state 208
	ACaseExor : Constant . ':' Expr ';'  (82)

	':'  shift 213
	.  error


state 209
	Expr : CASE '(' Expr ')' '{' ACaseExorList DefaultExpr . '}'  (52)

	'}'  shift 214
	.  error


state 210
	ACaseExorList : ACaseExorList ACaseExor .  (84)

	.  reduce 84


state 211
	ForStmt : FOR '(' SimpleStmt ';' Expr ';' SimpleStmt ')' . Stmt  (91)
	SimpleStmt : .  (41)
	Receiver : .  (43)

	VOID  shift 12
	BOOL  shift 13
	INT  shift 14
	COMPLEX  shift 15
	STRING  shift 16
	CLASS  shift 17
	NULL  shift 47
	THIS  shift 48
	WHILE  shift 49
	FOR  shift 50
	IF  shift 51
	RETURN  shift 52
	BREAK  shift 53
	NEW  shift 54
	PRINT  shift 55
	PRINTCOMP  shift 56
	READ_INTEGER  shift 57
	READ_LINE  shift 58
	CASE  shift 59
	SUPER  shift 60
	LITERAL  shift 61
	DO  shift 62
	DCOPY  shift 63
	SCOPY  shift 64
	INSTANCEOF  shift 65
	'-'  shift 66
	'$'  shift 67
	'@'  shift 68
	'#'  shift 69
	'!'  shift 70
	'('  shift 71
	'{'  shift 42
	IDENTIFIER  reduce 43
	';'  reduce 41

	VariableDef  goto 73
	Variable  goto 21
	Type  goto 34
	StmtBlock  goto 74
	Stmt  goto 215
	SimpleStmt  goto 76
	IfStmt  goto 77
	WhileStmt  goto 78
	ForStmt  goto 79
	ReturnStmt  goto 80
	PrintStmt  goto 81
	PrintCompStmt  goto 82
	BreakStmt  goto 83
	DoStmt  goto 84
	LValue  goto 85
	Expr  goto 86
	Call  goto 87
	Receiver  goto 88
	Constant  goto 89


state 212
	DefaultExpr : DEFAULT ':' . Expr ';'  (83)
	Receiver : .  (43)

	NULL  shift 47
	THIS  shift 48
	NEW  shift 54
	READ_INTEGER  shift 57
	READ_LINE  shift 58
	CASE  shift 59
	SUPER  shift 60
	LITERAL  shift 61
	DCOPY  shift 63
	SCOPY  shift 64
	INSTANCEOF  shift 65
	'-'  shift 66
	'$'  shift 67
	'@'  shift 68
	'#'  shift 69
	'!'  shift 70
	'('  shift 71
	IDENTIFIER  reduce 43

	LValue  goto 93
	Expr  goto 216
	Call  goto 95
	Receiver  goto 88
	Constant  goto 89


state 213
	ACaseExor : Constant ':' . Expr ';'  (82)
	Receiver : .  (43)

	NULL  shift 47
	THIS  shift 48
	NEW  shift 54
	READ_INTEGER  shift 57
	READ_LINE  shift 58
	CASE  shift 59
	SUPER  shift 60
	LITERAL  shift 61
	DCOPY  shift 63
	SCOPY  shift 64
	INSTANCEOF  shift 65
	'-'  shift 66
	'$'  shift 67
	'@'  shift 68
	'#'  shift 69
	'!'  shift 70
	'('  shift 71
	IDENTIFIER  reduce 43

	LValue  goto 93
	Expr  goto 217
	Call  goto 95
	Receiver  goto 88
	Constant  goto 89


state 214
	Expr : CASE '(' Expr ')' '{' ACaseExorList DefaultExpr '}' .  (52)

	.  reduce 52


state 215
	ForStmt : FOR '(' SimpleStmt ';' Expr ';' SimpleStmt ')' Stmt .  (91)

	.  reduce 91


state 216
	Receiver : Expr . '.'  (42)
	LValue : Expr . '[' Expr ']'  (45)
	Expr : Expr . '+' Expr  (53)
	Expr : Expr . '-' Expr  (54)
	Expr : Expr . '*' Expr  (55)
	Expr : Expr . '/' Expr  (56)
	Expr : Expr . '%' Expr  (57)
	Expr : Expr . EQUAL Expr  (58)
	Expr : Expr . NOT_EQUAL Expr  (59)
	Expr : Expr . '<' Expr  (60)
	Expr : Expr . '>' Expr  (61)
	Expr : Expr . LESS_EQUAL Expr  (62)
	Expr : Expr . GREATER_EQUAL Expr  (63)
	Expr : Expr . AND Expr  (64)
	Expr : Expr . OR Expr  (65)
	DefaultExpr : DEFAULT ':' Expr . ';'  (83)

	AND  shift 121
	OR  shift 122
	LESS_EQUAL  shift 123
	GREATER_EQUAL  shift 124
	EQUAL  shift 125
	NOT_EQUAL  shift 126
	'+'  shift 127
	'-'  shift 128
	'*'  shift 129
	'/'  shift 130
	'%'  shift 131
	'>'  shift 132
	'<'  shift 133
	'.'  shift 134
	';'  shift 218
	'['  shift 135
	.  error


state 217
	Receiver : Expr . '.'  (42)
	LValue : Expr . '[' Expr ']'  (45)
	Expr : Expr . '+' Expr  (53)
	Expr : Expr . '-' Expr  (54)
	Expr : Expr . '*' Expr  (55)
	Expr : Expr . '/' Expr  (56)
	Expr : Expr . '%' Expr  (57)
	Expr : Expr . EQUAL Expr  (58)
	Expr : Expr . NOT_EQUAL Expr  (59)
	Expr : Expr . '<' Expr  (60)
	Expr : Expr . '>' Expr  (61)
	Expr : Expr . LESS_EQUAL Expr  (62)
	Expr : Expr . GREATER_EQUAL Expr  (63)
	Expr : Expr . AND Expr  (64)
	Expr : Expr . OR Expr  (65)
	ACaseExor : Constant ':' Expr . ';'  (82)

	AND  shift 121
	OR  shift 122
	LESS_EQUAL  shift 123
	GREATER_EQUAL  shift 124
	EQUAL  shift 125
	NOT_EQUAL  shift 126
	'+'  shift 127
	'-'  shift 128
	'*'  shift 129
	'/'  shift 130
	'%'  shift 131
	'>'  shift 132
	'<'  shift 133
	'.'  shift 134
	';'  shift 219
	'['  shift 135
	.  error


state 218
	DefaultExpr : DEFAULT ':' Expr ';' .  (83)

	.  reduce 83


state 219
	ACaseExor : Constant ':' Expr ';' .  (82)

	.  reduce 82


64 terminals, 37 nonterminals
104 grammar rules, 220 states
